::1 - - [15/Apr/2022:14:10:51 +0200] "GET / HTTP/1.1" 302 -
::1 - - [15/Apr/2022:14:10:51 +0200] "GET /public/index.php HTTP/1.1" 200 465
::1 - - [15/Apr/2022:14:10:52 +0200] "GET /favicon.ico HTTP/1.1" 404 308
::1 - - [15/Apr/2022:14:14:18 +0200] "GET / HTTP/1.1" 302 -
::1 - - [15/Apr/2022:14:14:18 +0200] "GET /public/index.php HTTP/1.1" 500 -
::1 - - [15/Apr/2022:14:19:18 +0200] "GET / HTTP/1.1" 302 334
::1 - - [15/Apr/2022:14:19:19 +0200] "GET /login HTTP/1.1" 200 4362
::1 - - [15/Apr/2022:14:19:19 +0200] "GET /assets/bootstrap/css/bootstrap.min.css HTTP/1.1" 200 121260
::1 - - [15/Apr/2022:14:19:19 +0200] "GET /assets/dist/css/AdminLTE.min.css HTTP/1.1" 200 90255
::1 - - [15/Apr/2022:14:19:19 +0200] "GET /assets/sweetalert.css HTTP/1.1" 200 22879
::1 - - [15/Apr/2022:14:19:19 +0200] "GET /assets/bootstrap/fonts/glyphicons-halflings-regular.eot? HTTP/1.1" 200 20127
::1 - - [15/Apr/2022:14:19:19 +0200] "GET /assets/bootstrap/css/bootstrap-rtl.min.css HTTP/1.1" 200 121018
::1 - - [15/Apr/2022:14:19:19 +0200] "GET /assets/plugins/iCheck/square/blue.css HTTP/1.1" 200 1611
::1 - - [15/Apr/2022:14:19:19 +0200] "GET /assets/dist/css/AdminLTE-rtl.min.css HTTP/1.1" 200 21350
::1 - - [15/Apr/2022:14:19:26 +0200] "GET /assets/fonts/DroidKufi-Bold.eot HTTP/1.1" 200 36306
::1 - - [15/Apr/2022:14:19:26 +0200] "GET /assets/plugins/jQuery/jquery-2.2.3.min.js HTTP/1.1" 200 85659
::1 - - [15/Apr/2022:14:19:26 +0200] "GET /assets/bootstrap/js/bootstrap.min.js HTTP/1.1" 200 36868
::1 - - [15/Apr/2022:14:19:26 +0200] "GET /assets/plugins/iCheck/icheck.min.js HTTP/1.1" 200 4516
::1 - - [15/Apr/2022:14:19:26 +0200] "GET /assets/sweetalert.min.js HTTP/1.1" 200 16977
::1 - - [15/Apr/2022:14:19:28 +0200] "GET /carlogo.jpg HTTP/1.1" 200 63161
::1 - - [15/Apr/2022:14:19:32 +0200] "GET /favicon.ico HTTP/1.1" 200 -
::1 - - [15/Apr/2022:14:19:48 +0200] "POST /login HTTP/1.1" 302 310
::1 - - [15/Apr/2022:14:19:49 +0200] "GET / HTTP/1.1" 200 51364
::1 - - [15/Apr/2022:14:19:50 +0200] "GET /assets/bootstrap/css/animate.css HTTP/1.1" 200 77749
::1 - - [15/Apr/2022:14:19:50 +0200] "GET /assets/plugins/timepicker/bootstrap-timepicker.min.css HTTP/1.1" 200 2410
::1 - - [15/Apr/2022:14:19:50 +0200] "GET /assets/plugins/select2/select2.min.css HTTP/1.1" 200 15196
::1 - - [15/Apr/2022:14:19:50 +0200] "GET /assets/dist/css/font-awesome.min.css HTTP/1.1" 200 31000
::1 - - [15/Apr/2022:14:19:50 +0200] "GET /assets/dist/css/ionicons.min.css HTTP/1.1" 200 51284
::1 - - [15/Apr/2022:14:19:50 +0200] "GET /assets/plugins/fullcalendar/fullcalendar.min.css HTTP/1.1" 200 10632
::1 - - [15/Apr/2022:14:19:50 +0200] "GET /assets/bootstrap/css/bootstrapValidator.min.css HTTP/1.1" 200 244
::1 - - [15/Apr/2022:14:19:50 +0200] "GET /assets/plugins/fullcalendar/fullcalendar.print.css HTTP/1.1" 200 5391
::1 - - [15/Apr/2022:14:19:50 +0200] "GET /assets/plugins/daterangepicker/daterangepicker.css HTTP/1.1" 200 6666
::1 - - [15/Apr/2022:14:19:50 +0200] "GET /assets/plugins/datepicker/datepicker3.css HTTP/1.1" 200 33745
::1 - - [15/Apr/2022:14:19:50 +0200] "GET /assets/plugins/colorpicker/bootstrap-colorpicker.min.css HTTP/1.1" 200 3703
::1 - - [15/Apr/2022:14:19:50 +0200] "GET /assets/dist/css/skins/_all-skins.min.css HTTP/1.1" 200 40757
::1 - - [15/Apr/2022:14:19:50 +0200] "GET /assets/toastr/toastr.min.css HTTP/1.1" 200 6741
::1 - - [15/Apr/2022:14:19:50 +0200] "GET /assets/plugins/datatables2/dataTables.bootstrap.css HTTP/1.1" 200 8829
::1 - - [15/Apr/2022:14:19:50 +0200] "GET /assets/plugins/datatables2/buttons.dataTables.min.css HTTP/1.1" 200 9250
::1 - - [15/Apr/2022:14:19:50 +0200] "GET /assets/plugins/datatables2/fixedHeader.bootstrap.min.css HTTP/1.1" 200 328
::1 - - [15/Apr/2022:14:19:50 +0200] "GET /assets/plugins/datatables2/responsive.bootstrap.min.css HTTP/1.1" 200 3992
::1 - - [15/Apr/2022:14:19:50 +0200] "GET /assets/jquery.fancybox.min.css HTTP/1.1" 200 12795
::1 - - [15/Apr/2022:14:19:50 +0200] "GET /assets/plugins/iCheck/all.css HTTP/1.1" 200 1568
::1 - - [15/Apr/2022:14:19:50 +0200] "GET /assets/dist/img/user2-160x160.jpg HTTP/1.1" 200 7070
::1 - - [15/Apr/2022:14:19:50 +0200] "GET /assets/jquery.fancybox.min.js HTTP/1.1" 200 68253
::1 - - [15/Apr/2022:14:19:50 +0200] "GET /assets/dist/js/jquery-ui.min.js HTTP/1.1" 200 240427
::1 - - [15/Apr/2022:14:19:50 +0200] "GET /assets/plugins/slimScroll/jquery.slimscroll.min.js HTTP/1.1" 200 4724
::1 - - [15/Apr/2022:14:19:50 +0200] "GET /assets/plugins/fastclick/fastclick.js HTTP/1.1" 200 25965
::1 - - [15/Apr/2022:14:19:50 +0200] "GET /assets/dist/js/app.min.js HTTP/1.1" 200 9774
::1 - - [15/Apr/2022:14:19:50 +0200] "GET /assets/plugins/iCheck/flat/_all.css HTTP/1.1" 200 13773
::1 - - [15/Apr/2022:14:19:50 +0200] "GET /assets/plugins/iCheck/square/_all.css HTTP/1.1" 200 15591
::1 - - [15/Apr/2022:14:19:50 +0200] "GET /assets/plugins/iCheck/polaris/polaris.css HTTP/1.1" 200 1557
::1 - - [15/Apr/2022:14:19:50 +0200] "GET /assets/plugins/iCheck/futurico/futurico.css HTTP/1.1" 200 1421
::1 - - [15/Apr/2022:14:19:50 +0200] "GET /assets/plugins/iCheck/line/_all.css HTTP/1.1" 200 21689
::1 - - [15/Apr/2022:14:19:50 +0200] "GET /assets/plugins/datepicker/bootstrap-datepicker.js HTTP/1.1" 200 46838
::1 - - [15/Apr/2022:14:19:50 +0200] "GET /assets/plugins/select2/select2.full.min.js HTTP/1.1" 200 75005
::1 - - [15/Apr/2022:14:19:50 +0200] "GET /assets/plugins/input-mask/jquery.inputmask.js HTTP/1.1" 200 90539
::1 - - [15/Apr/2022:14:19:50 +0200] "GET /assets/plugins/input-mask/jquery.inputmask.date.extensions.js HTTP/1.1" 200 22814
::1 - - [15/Apr/2022:14:19:50 +0200] "GET /assets/dist/js/moment.min.js HTTP/1.1" 200 40737
::1 - - [15/Apr/2022:14:19:50 +0200] "GET /assets/plugins/fullcalendar/fullcalendar.min.js HTTP/1.1" 200 84823
::1 - - [15/Apr/2022:14:19:50 +0200] "GET /assets/plugins/iCheck/minimal/_all.css HTTP/1.1" 200 14176
::1 - - [15/Apr/2022:14:19:50 +0200] "GET /assets/dist/js/demo.js HTTP/1.1" 200 17319
::1 - - [15/Apr/2022:14:19:50 +0200] "GET /assets/plugins/input-mask/jquery.inputmask.extensions.js HTTP/1.1" 200 5315
::1 - - [15/Apr/2022:14:19:50 +0200] "GET /assets/jquery.numeric.js HTTP/1.1" 200 11006
::1 - - [15/Apr/2022:14:19:50 +0200] "GET /assets/moment.min.js HTTP/1.1" 200 58862
::1 - - [15/Apr/2022:14:19:50 +0200] "GET /assets/dist/fonts/fontawesome-webfont.eot? HTTP/1.1" 200 165742
::1 - - [15/Apr/2022:14:19:50 +0200] "GET /assets/dist/fonts/ionicons.eot?v=2.0.0 HTTP/1.1" 404 1552
::1 - - [15/Apr/2022:14:25:04 +0200] "GET / HTTP/1.1" 302 334
::1 - - [15/Apr/2022:14:25:05 +0200] "GET /login HTTP/1.1" 200 4362
::1 - - [15/Apr/2022:14:25:05 +0200] "GET /assets/bootstrap/css/bootstrap.min.css HTTP/1.1" 200 121260
::1 - - [15/Apr/2022:14:25:05 +0200] "GET /assets/bootstrap/css/bootstrap-rtl.min.css HTTP/1.1" 200 121018
::1 - - [15/Apr/2022:14:25:05 +0200] "GET /assets/dist/css/AdminLTE.min.css HTTP/1.1" 200 90255
::1 - - [15/Apr/2022:14:25:05 +0200] "GET /assets/dist/css/AdminLTE-rtl.min.css HTTP/1.1" 200 21350
::1 - - [15/Apr/2022:14:25:05 +0200] "GET /assets/plugins/iCheck/square/blue.css HTTP/1.1" 200 1611
::1 - - [15/Apr/2022:14:25:05 +0200] "GET /assets/plugins/jQuery/jquery-2.2.3.min.js HTTP/1.1" 200 85659
::1 - - [15/Apr/2022:14:25:05 +0200] "GET /assets/bootstrap/js/bootstrap.min.js HTTP/1.1" 200 36868
::1 - - [15/Apr/2022:14:25:05 +0200] "GET /assets/sweetalert.css HTTP/1.1" 200 22879
::1 - - [15/Apr/2022:14:25:05 +0200] "GET /assets/plugins/iCheck/icheck.min.js HTTP/1.1" 200 4516
::1 - - [15/Apr/2022:14:25:05 +0200] "GET /assets/sweetalert.min.js HTTP/1.1" 200 16977
::1 - - [15/Apr/2022:14:25:06 +0200] "GET /carlogo.jpg HTTP/1.1" 200 63161
::1 - - [15/Apr/2022:14:25:06 +0200] "GET /assets/plugins/iCheck/square/blue.png HTTP/1.1" 200 2185
::1 - - [15/Apr/2022:14:25:06 +0200] "GET /assets/fonts/DroidKufi-Bold.woff HTTP/1.1" 200 39228
::1 - - [15/Apr/2022:14:25:06 +0200] "GET /assets/bootstrap/fonts/glyphicons-halflings-regular.woff2 HTTP/1.1" 200 18028
::1 - - [15/Apr/2022:14:25:06 +0200] "GET /favicon.ico HTTP/1.1" 200 -
::1 - - [15/Apr/2022:14:25:15 +0200] "POST /login HTTP/1.1" 302 310
::1 - - [15/Apr/2022:14:25:16 +0200] "GET / HTTP/1.1" 200 51364
::1 - - [15/Apr/2022:14:25:17 +0200] "GET /assets/bootstrap/css/bootstrapValidator.min.css HTTP/1.1" 200 244
::1 - - [15/Apr/2022:14:25:17 +0200] "GET /assets/bootstrap/css/animate.css HTTP/1.1" 200 77749
::1 - - [15/Apr/2022:14:25:17 +0200] "GET /assets/plugins/timepicker/bootstrap-timepicker.min.css HTTP/1.1" 200 2410
::1 - - [15/Apr/2022:14:25:17 +0200] "GET /assets/plugins/daterangepicker/daterangepicker.css HTTP/1.1" 200 6666
::1 - - [15/Apr/2022:14:25:17 +0200] "GET /assets/plugins/datepicker/datepicker3.css HTTP/1.1" 200 33745
::1 - - [15/Apr/2022:14:25:17 +0200] "GET /assets/plugins/select2/select2.min.css HTTP/1.1" 200 15196
::1 - - [15/Apr/2022:14:25:17 +0200] "GET /assets/plugins/iCheck/all.css HTTP/1.1" 200 1568
::1 - - [15/Apr/2022:14:25:17 +0200] "GET /assets/plugins/colorpicker/bootstrap-colorpicker.min.css HTTP/1.1" 200 3703
::1 - - [15/Apr/2022:14:25:17 +0200] "GET /assets/dist/css/font-awesome.min.css HTTP/1.1" 200 31000
::1 - - [15/Apr/2022:14:25:17 +0200] "GET /assets/dist/css/ionicons.min.css HTTP/1.1" 200 51284
::1 - - [15/Apr/2022:14:25:17 +0200] "GET /assets/plugins/fullcalendar/fullcalendar.min.css HTTP/1.1" 200 10632
::1 - - [15/Apr/2022:14:25:17 +0200] "GET /assets/dist/css/skins/_all-skins.min.css HTTP/1.1" 200 40757
::1 - - [15/Apr/2022:14:25:17 +0200] "GET /assets/toastr/toastr.min.css HTTP/1.1" 200 6741
::1 - - [15/Apr/2022:14:25:17 +0200] "GET /assets/plugins/datatables2/dataTables.bootstrap.css HTTP/1.1" 200 8829
::1 - - [15/Apr/2022:14:25:17 +0200] "GET /assets/plugins/datatables2/buttons.dataTables.min.css HTTP/1.1" 200 9250
::1 - - [15/Apr/2022:14:25:17 +0200] "GET /assets/plugins/datatables2/fixedHeader.bootstrap.min.css HTTP/1.1" 200 328
::1 - - [15/Apr/2022:14:25:17 +0200] "GET /assets/plugins/datatables2/responsive.bootstrap.min.css HTTP/1.1" 200 3992
::1 - - [15/Apr/2022:14:25:17 +0200] "GET /assets/jquery.fancybox.min.css HTTP/1.1" 200 12795
::1 - - [15/Apr/2022:14:25:17 +0200] "GET /assets/plugins/iCheck/minimal/_all.css HTTP/1.1" 200 14176
::1 - - [15/Apr/2022:14:25:17 +0200] "GET /assets/plugins/iCheck/square/_all.css HTTP/1.1" 200 15591
::1 - - [15/Apr/2022:14:25:17 +0200] "GET /assets/plugins/iCheck/flat/_all.css HTTP/1.1" 200 13773
::1 - - [15/Apr/2022:14:25:17 +0200] "GET /assets/plugins/iCheck/line/_all.css HTTP/1.1" 200 21689
::1 - - [15/Apr/2022:14:25:17 +0200] "GET /assets/plugins/iCheck/polaris/polaris.css HTTP/1.1" 200 1557
::1 - - [15/Apr/2022:14:25:17 +0200] "GET /assets/plugins/iCheck/futurico/futurico.css HTTP/1.1" 200 1421
::1 - - [15/Apr/2022:14:25:17 +0200] "GET /assets/jquery.fancybox.min.js HTTP/1.1" 200 68253
::1 - - [15/Apr/2022:14:25:17 +0200] "GET /assets/dist/js/jquery-ui.min.js HTTP/1.1" 200 240427
::1 - - [15/Apr/2022:14:25:17 +0200] "GET /assets/plugins/slimScroll/jquery.slimscroll.min.js HTTP/1.1" 200 4724
::1 - - [15/Apr/2022:14:25:17 +0200] "GET /assets/plugins/fastclick/fastclick.js HTTP/1.1" 200 25965
::1 - - [15/Apr/2022:14:25:17 +0200] "GET /assets/dist/js/app.min.js HTTP/1.1" 200 9774
::1 - - [15/Apr/2022:14:25:17 +0200] "GET /assets/dist/js/demo.js HTTP/1.1" 200 17319
::1 - - [15/Apr/2022:14:25:17 +0200] "GET /assets/dist/fonts/fontawesome-webfont.woff2?v=4.7.0 HTTP/1.1" 200 77160
::1 - - [15/Apr/2022:14:25:17 +0200] "GET /assets/dist/img/user2-160x160.jpg HTTP/1.1" 200 7070
::1 - - [15/Apr/2022:14:25:17 +0200] "GET /assets/plugins/select2/select2.full.min.js HTTP/1.1" 200 75005
::1 - - [15/Apr/2022:14:25:17 +0200] "GET /assets/plugins/datepicker/bootstrap-datepicker.js HTTP/1.1" 200 46838
::1 - - [15/Apr/2022:14:25:17 +0200] "GET /assets/plugins/input-mask/jquery.inputmask.js HTTP/1.1" 200 90539
::1 - - [15/Apr/2022:14:25:17 +0200] "GET /assets/plugins/input-mask/jquery.inputmask.date.extensions.js HTTP/1.1" 200 22814
::1 - - [15/Apr/2022:14:25:17 +0200] "GET /assets/plugins/input-mask/jquery.inputmask.extensions.js HTTP/1.1" 200 5315
::1 - - [15/Apr/2022:14:25:17 +0200] "GET /assets/jquery.numeric.js HTTP/1.1" 200 11006
::1 - - [15/Apr/2022:14:25:17 +0200] "GET /assets/moment.min.js HTTP/1.1" 200 58862
::1 - - [15/Apr/2022:14:25:17 +0200] "GET /assets/dist/js/moment.min.js HTTP/1.1" 200 40737
::1 - - [15/Apr/2022:14:25:17 +0200] "GET /assets/plugins/fullcalendar/fullcalendar.min.js HTTP/1.1" 200 84823
::1 - - [15/Apr/2022:14:25:17 +0200] "GET /assets/plugins/fullcalendar/fullcalendar.print.css HTTP/1.1" 200 5391
::1 - - [15/Apr/2022:14:25:24 +0200] "GET /users HTTP/1.1" 200 35732
::1 - - [15/Apr/2022:14:25:27 +0200] "GET /users/1/edit HTTP/1.1" 200 4680
::1 - - [15/Apr/2022:14:25:31 +0200] "GET / HTTP/1.1" 200 51364
::1 - - [15/Apr/2022:14:25:51 +0200] "GET /cars?is_sold=0 HTTP/1.1" 200 48847
::1 - - [15/Apr/2022:14:25:52 +0200] "GET /assets/plugins/datatables2/jquery.dataTables1.10.19.min.js HTTP/1.1" 200 82411
::1 - - [15/Apr/2022:14:25:52 +0200] "GET /assets/plugins/datatables2/dataTables.bootstrap.min.js HTTP/1.1" 200 2065
::1 - - [15/Apr/2022:14:25:52 +0200] "GET /assets/plugins/datatables2/dataTables.buttons.min.js HTTP/1.1" 200 17885
::1 - - [15/Apr/2022:14:25:52 +0200] "GET /assets/plugins/datatables2/buttons.flash.min.js HTTP/1.1" 200 26003
::1 - - [15/Apr/2022:14:25:52 +0200] "GET /assets/plugins/datatables2/jszip.min.js HTTP/1.1" 200 101939
::1 - - [15/Apr/2022:14:25:52 +0200] "GET /assets/plugins/datatables2/buttons.html5.min.js HTTP/1.1" 200 24010
::1 - - [15/Apr/2022:14:25:52 +0200] "GET /assets/plugins/datatables2/buttons.print.js HTTP/1.1" 200 5768
::1 - - [15/Apr/2022:14:25:52 +0200] "GET /assets/plugins/datatables2/buttons.colVis.min.js HTTP/1.1" 200 2947
::1 - - [15/Apr/2022:14:25:52 +0200] "GET /assets/plugins/datatables2/dataTables.fixedHeader.min.js HTTP/1.1" 200 6945
::1 - - [15/Apr/2022:14:25:52 +0200] "GET /assets/plugins/datatables2/dataTables.responsive.min.js HTTP/1.1" 200 13031
::1 - - [15/Apr/2022:14:25:52 +0200] "GET /assets/plugins/datatables2/responsive.bootstrap.min.js HTTP/1.1" 200 1246
::1 - - [15/Apr/2022:14:25:52 +0200] "GET /assets/plugins/datatables2/Arabic.json HTTP/1.1" 200 592
::1 - - [15/Apr/2022:14:25:52 +0200] "GET /cars?is_sold=0&draw=1&columns%5B0%5D%5Bdata%5D=id&columns%5B0%5D%5Bname%5D=id&columns%5B0%5D%5Bsearchable%5D=true&columns%5B0%5D%5Borderable%5D=true&columns%5B0%5D%5Bsearch%5D%5Bvalue%5D=&columns%5B0%5D%5Bsearch%5D%5Bregex%5D=false&columns%5B1%5D%5Bdata%5D=branche&columns%5B1%5D%5Bname%5D=branche&columns%5B1%5D%5Bsearchable%5D=true&columns%5B1%5D%5Borderable%5D=true&columns%5B1%5D%5Bsearch%5D%5Bvalue%5D=&columns%5B1%5D%5Bsearch%5D%5Bregex%5D=false&columns%5B2%5D%5Bdata%5D=model&columns%5B2%5D%5Bname%5D=model&columns%5B2%5D%5Bsearchable%5D=true&columns%5B2%5D%5Borderable%5D=true&columns%5B2%5D%5Bsearch%5D%5Bvalue%5D=&columns%5B2%5D%5Bsearch%5D%5Bregex%5D=false&columns%5B3%5D%5Bdata%5D=color&columns%5B3%5D%5Bname%5D=color&columns%5B3%5D%5Bsearchable%5D=true&columns%5B3%5D%5Borderable%5D=true&columns%5B3%5D%5Bsearch%5D%5Bvalue%5D=&columns%5B3%5D%5Bsearch%5D%5Bregex%5D=false&columns%5B4%5D%5Bdata%5D=year&columns%5B4%5D%5Bname%5D=year&columns%5B4%5D%5Bsearchable%5D=true&columns%5B4%5D%5Borderable%5D=true&columns%5B4%5D%5Bsearch%5D%5Bvalue%5D=&columns%5B4%5D%5Bsearch%5D%5Bregex%5D=false&columns%5B5%5D%5Bdata%5D=style&columns%5B5%5D%5Bname%5D=style&columns%5B5%5D%5Bsearchable%5D=true&columns%5B5%5D%5Borderable%5D=true&columns%5B5%5D%5Bsearch%5D%5Bvalue%5D=&columns%5B5%5D%5Bsearch%5D%5Bregex%5D=false&columns%5B6%5D%5Bdata%5D=chassis_no&columns%5B6%5D%5Bname%5D=chassis_no&columns%5B6%5D%5Bsearchable%5D=true&columns%5B6%5D%5Borderable%5D=true&columns%5B6%5D%5Bsearch%5D%5Bvalue%5D=&columns%5B6%5D%5Bsearch%5D%5Bregex%5D=false&columns%5B7%5D%5Bdata%5D=customs_card&columns%5B7%5D%5Bname%5D=customs_card&columns%5B7%5D%5Bsearchable%5D=true&columns%5B7%5D%5Borderable%5D=true&columns%5B7%5D%5Bsearch%5D%5Bvalue%5D=&columns%5B7%5D%5Bsearch%5D%5Bregex%5D=false&columns%5B8%5D%5Bdata%5D=car_number&columns%5B8%5D%5Bname%5D=car_number&columns%5B8%5D%5Bsearchable%5D=true&columns%5B8%5D%5Borderable%5D=true&columns%5B8%5D%5Bsearch%5D%5Bvalue%5D=&columns%5B8%5D%5Bsearch%5D%5Bregex%5D=false&columns%5B9%5D%5Bdata%5D=note&columns%5B9%5D%5Bname%5D=note&columns%5B9%5D%5Bsearchable%5D=true&columns%5B9%5D%5Borderable%5D=true&columns%5B9%5D%5Bsearch%5D%5Bvalue%5D=&columns%5B9%5D%5Bsearch%5D%5Bregex%5D=false&columns%5B10%5D%5Bdata%5D=sale_price&columns%5B10%5D%5Bname%5D=sale_price&columns%5B10%5D%5Bsearchable%5D=true&columns%5B10%5D%5Borderable%5D=true&columns%5B10%5D%5Bsearch%5D%5Bvalue%5D=&columns%5B10%5D%5Bsearch%5D%5Bregex%5D=false&columns%5B11%5D%5Bdata%5D=total_expenses&columns%5B11%5D%5Bname%5D=total_expenses&columns%5B11%5D%5Bsearchable%5D=true&columns%5B11%5D%5Borderable%5D=true&columns%5B11%5D%5Bsearch%5D%5Bvalue%5D=&columns%5B11%5D%5Bsearch%5D%5Bregex%5D=false&columns%5B12%5D%5Bdata%5D=cost_price&columns%5B12%5D%5Bname%5D=cost_price&columns%5B12%5D%5Bsearchable%5D=true&columns%5B12%5D%5Borderable%5D=true&columns%5B12%5D%5Bsearch%5D%5Bvalue%5D=&columns%5B12%5D%5Bsearch%5D%5Bregex%5D=false&columns%5B13%5D%5Bdata%5D=total_cost&columns%5B13%5D%5Bname%5D=total_cost&columns%5B13%5D%5Bsearchable%5D=true&columns%5B13%5D%5Borderable%5D=true&columns%5B13%5D%5Bsearch%5D%5Bvalue%5D=&columns%5B13%5D%5Bsearch%5D%5Bregex%5D=false&columns%5B14%5D%5Bdata%5D=transfer&columns%5B14%5D%5Bname%5D=transfer&columns%5B14%5D%5Bsearchable%5D=false&columns%5B14%5D%5Borderable%5D=false&columns%5B14%5D%5Bsearch%5D%5Bvalue%5D=&columns%5B14%5D%5Bsearch%5D%5Bregex%5D=false&columns%5B15%5D%5Bdata%5D=receive_note&columns%5B15%5D%5Bname%5D=receive_note&columns%5B15%5D%5Bsearchable%5D=false&columns%5B15%5D%5Borderable%5D=false&columns%5B15%5D%5Bsearch%5D%5Bvalue%5D=&columns%5B15%5D%5Bsearch%5D%5Bregex%5D=false&columns%5B16%5D%5Bdata%5D=actions&columns%5B16%5D%5Bname%5D=actions&columns%5B16%5D%5Bsearchable%5D=false&columns%5B16%5D%5Borderable%5D=false&columns%5B16%5D%5Bsearch%5D%5Bvalue%5D=&columns%5B16%5D%5Bsearch%5D%5Bregex%5D=false&order%5B0%5D%5Bcolumn%5D=0&order%5B0%5D%5Bdir%5D=DESC&start=0&length=25&search%5Bvalue%5D=&search%5Bregex%5D=false&fromdate=&todate=&_=1650025551833 HTTP/1.1" 200 2517
::1 - - [15/Apr/2022:14:34:51 +0200] "GET /qestcalcultor HTTP/1.1" 200 40566
::1 - - [15/Apr/2022:14:34:56 +0200] "GET / HTTP/1.1" 200 51364
::1 - - [15/Apr/2022:14:34:59 +0200] "GET /persons/client HTTP/1.1" 200 43892
::1 - - [15/Apr/2022:14:35:02 +0200] "GET /persons/create/client HTTP/1.1" 200 44290
::1 - - [15/Apr/2022:14:35:12 +0200] "GET / HTTP/1.1" 200 51364
::1 - - [24/Apr/2022:22:52:41 +0200] "GET / HTTP/1.1" 302 334
::1 - - [24/Apr/2022:22:52:42 +0200] "GET /login HTTP/1.1" 200 4362
::1 - - [24/Apr/2022:22:52:42 +0200] "GET /assets/bootstrap/css/bootstrap.min.css HTTP/1.1" 200 121260
::1 - - [24/Apr/2022:22:52:42 +0200] "GET /assets/bootstrap/css/bootstrap-rtl.min.css HTTP/1.1" 200 121018
::1 - - [24/Apr/2022:22:52:42 +0200] "GET /assets/dist/css/AdminLTE-rtl.min.css HTTP/1.1" 200 21350
::1 - - [24/Apr/2022:22:52:42 +0200] "GET /assets/sweetalert.css HTTP/1.1" 200 22879
::1 - - [24/Apr/2022:22:52:42 +0200] "GET /assets/dist/css/AdminLTE.min.css HTTP/1.1" 200 90255
::1 - - [24/Apr/2022:22:52:42 +0200] "GET /assets/plugins/jQuery/jquery-2.2.3.min.js HTTP/1.1" 200 85659
::1 - - [24/Apr/2022:22:52:42 +0200] "GET /assets/plugins/iCheck/square/blue.css HTTP/1.1" 200 1611
::1 - - [24/Apr/2022:22:52:42 +0200] "GET /assets/bootstrap/js/bootstrap.min.js HTTP/1.1" 200 36868
::1 - - [24/Apr/2022:22:52:42 +0200] "GET /assets/plugins/iCheck/icheck.min.js HTTP/1.1" 200 4516
::1 - - [24/Apr/2022:22:52:42 +0200] "GET /assets/sweetalert.min.js HTTP/1.1" 200 16977
::1 - - [24/Apr/2022:22:52:43 +0200] "GET /carlogo.jpg HTTP/1.1" 200 63161
::1 - - [24/Apr/2022:22:52:43 +0200] "GET /assets/bootstrap/fonts/glyphicons-halflings-regular.woff2 HTTP/1.1" 200 18028
::1 - - [24/Apr/2022:22:52:43 +0200] "GET /assets/plugins/iCheck/square/blue.png HTTP/1.1" 200 2185
::1 - - [24/Apr/2022:22:52:43 +0200] "GET /assets/fonts/DroidKufi-Bold.woff HTTP/1.1" 200 39228
::1 - - [24/Apr/2022:22:52:43 +0200] "GET /favicon.ico HTTP/1.1" 200 -
::1 - - [24/Apr/2022:22:52:47 +0200] "POST /login HTTP/1.1" 302 310
::1 - - [24/Apr/2022:22:52:47 +0200] "GET / HTTP/1.1" 200 51364
::1 - - [24/Apr/2022:22:52:49 +0200] "GET /assets/bootstrap/css/animate.css HTTP/1.1" 200 77749
::1 - - [24/Apr/2022:22:52:49 +0200] "GET /assets/bootstrap/css/bootstrapValidator.min.css HTTP/1.1" 200 244
::1 - - [24/Apr/2022:22:52:49 +0200] "GET /assets/plugins/daterangepicker/daterangepicker.css HTTP/1.1" 200 6666
::1 - - [24/Apr/2022:22:52:49 +0200] "GET /assets/plugins/iCheck/all.css HTTP/1.1" 200 1568
::1 - - [24/Apr/2022:22:52:49 +0200] "GET /assets/plugins/datepicker/datepicker3.css HTTP/1.1" 200 33745
::1 - - [24/Apr/2022:22:52:49 +0200] "GET /assets/plugins/colorpicker/bootstrap-colorpicker.min.css HTTP/1.1" 200 3703
::1 - - [24/Apr/2022:22:52:49 +0200] "GET /assets/plugins/timepicker/bootstrap-timepicker.min.css HTTP/1.1" 200 2410
::1 - - [24/Apr/2022:22:52:49 +0200] "GET /assets/plugins/select2/select2.min.css HTTP/1.1" 200 15196
::1 - - [24/Apr/2022:22:52:49 +0200] "GET /assets/dist/css/font-awesome.min.css HTTP/1.1" 200 31000
::1 - - [24/Apr/2022:22:52:49 +0200] "GET /assets/dist/css/ionicons.min.css HTTP/1.1" 200 51284
::1 - - [24/Apr/2022:22:52:49 +0200] "GET /assets/plugins/fullcalendar/fullcalendar.min.css HTTP/1.1" 200 10632
::1 - - [24/Apr/2022:22:52:49 +0200] "GET /assets/dist/css/skins/_all-skins.min.css HTTP/1.1" 200 40757
::1 - - [24/Apr/2022:22:52:49 +0200] "GET /assets/toastr/toastr.min.css HTTP/1.1" 200 6741
::1 - - [24/Apr/2022:22:52:49 +0200] "GET /assets/plugins/datatables2/buttons.dataTables.min.css HTTP/1.1" 200 9250
::1 - - [24/Apr/2022:22:52:49 +0200] "GET /assets/plugins/datatables2/dataTables.bootstrap.css HTTP/1.1" 200 8829
::1 - - [24/Apr/2022:22:52:49 +0200] "GET /assets/plugins/datatables2/fixedHeader.bootstrap.min.css HTTP/1.1" 200 328
::1 - - [24/Apr/2022:22:52:49 +0200] "GET /assets/plugins/datatables2/responsive.bootstrap.min.css HTTP/1.1" 200 3992
::1 - - [24/Apr/2022:22:52:49 +0200] "GET /assets/jquery.fancybox.min.css HTTP/1.1" 200 12795
::1 - - [24/Apr/2022:22:52:49 +0200] "GET /assets/plugins/iCheck/square/_all.css HTTP/1.1" 200 15591
::1 - - [24/Apr/2022:22:52:49 +0200] "GET /assets/plugins/iCheck/minimal/_all.css HTTP/1.1" 200 14176
::1 - - [24/Apr/2022:22:52:49 +0200] "GET /assets/plugins/iCheck/line/_all.css HTTP/1.1" 200 21689
::1 - - [24/Apr/2022:22:52:49 +0200] "GET /assets/plugins/iCheck/flat/_all.css HTTP/1.1" 200 13773
::1 - - [24/Apr/2022:22:52:49 +0200] "GET /assets/plugins/iCheck/polaris/polaris.css HTTP/1.1" 200 1557
::1 - - [24/Apr/2022:22:52:49 +0200] "GET /assets/plugins/iCheck/futurico/futurico.css HTTP/1.1" 200 1421
::1 - - [24/Apr/2022:22:52:49 +0200] "GET /assets/jquery.fancybox.min.js HTTP/1.1" 200 68253
::1 - - [24/Apr/2022:22:52:49 +0200] "GET /assets/dist/js/jquery-ui.min.js HTTP/1.1" 200 240427
::1 - - [24/Apr/2022:22:52:49 +0200] "GET /assets/plugins/slimScroll/jquery.slimscroll.min.js HTTP/1.1" 200 4724
::1 - - [24/Apr/2022:22:52:49 +0200] "GET /assets/plugins/fastclick/fastclick.js HTTP/1.1" 200 25965
::1 - - [24/Apr/2022:22:52:49 +0200] "GET /assets/dist/js/app.min.js HTTP/1.1" 200 9774
::1 - - [24/Apr/2022:22:52:49 +0200] "GET /assets/dist/js/demo.js HTTP/1.1" 200 17319
::1 - - [24/Apr/2022:22:52:49 +0200] "GET /assets/dist/img/user2-160x160.jpg HTTP/1.1" 200 7070
::1 - - [24/Apr/2022:22:52:49 +0200] "GET /assets/dist/fonts/fontawesome-webfont.woff2?v=4.7.0 HTTP/1.1" 200 77160
::1 - - [24/Apr/2022:22:52:49 +0200] "GET /assets/plugins/select2/select2.full.min.js HTTP/1.1" 200 75005
::1 - - [24/Apr/2022:22:52:49 +0200] "GET /assets/plugins/datepicker/bootstrap-datepicker.js HTTP/1.1" 200 46838
::1 - - [24/Apr/2022:22:52:49 +0200] "GET /assets/plugins/input-mask/jquery.inputmask.js HTTP/1.1" 200 90539
::1 - - [24/Apr/2022:22:52:49 +0200] "GET /assets/plugins/input-mask/jquery.inputmask.date.extensions.js HTTP/1.1" 200 22814
::1 - - [24/Apr/2022:22:52:49 +0200] "GET /assets/plugins/input-mask/jquery.inputmask.extensions.js HTTP/1.1" 200 5315
::1 - - [24/Apr/2022:22:52:49 +0200] "GET /assets/jquery.numeric.js HTTP/1.1" 200 11006
::1 - - [24/Apr/2022:22:52:49 +0200] "GET /assets/moment.min.js HTTP/1.1" 200 58862
::1 - - [24/Apr/2022:22:52:49 +0200] "GET /assets/dist/js/moment.min.js HTTP/1.1" 200 40737
::1 - - [24/Apr/2022:22:52:49 +0200] "GET /assets/plugins/fullcalendar/fullcalendar.min.js HTTP/1.1" 200 84823
::1 - - [24/Apr/2022:22:52:49 +0200] "GET /assets/plugins/fullcalendar/fullcalendar.print.css HTTP/1.1" 200 5391
::1 - - [24/Apr/2022:22:52:53 +0200] "GET /cars?is_sold=0 HTTP/1.1" 200 48847
::1 - - [24/Apr/2022:22:52:54 +0200] "GET /assets/plugins/datatables2/dataTables.bootstrap.min.js HTTP/1.1" 200 2065
::1 - - [24/Apr/2022:22:52:54 +0200] "GET /assets/plugins/datatables2/jquery.dataTables1.10.19.min.js HTTP/1.1" 200 82411
::1 - - [24/Apr/2022:22:52:54 +0200] "GET /assets/plugins/datatables2/dataTables.buttons.min.js HTTP/1.1" 200 17885
::1 - - [24/Apr/2022:22:52:54 +0200] "GET /assets/plugins/datatables2/buttons.flash.min.js HTTP/1.1" 200 26003
::1 - - [24/Apr/2022:22:52:54 +0200] "GET /assets/plugins/datatables2/jszip.min.js HTTP/1.1" 200 101939
::1 - - [24/Apr/2022:22:52:54 +0200] "GET /assets/plugins/datatables2/buttons.html5.min.js HTTP/1.1" 200 24010
::1 - - [24/Apr/2022:22:52:54 +0200] "GET /assets/plugins/datatables2/buttons.print.js HTTP/1.1" 200 5768
::1 - - [24/Apr/2022:22:52:54 +0200] "GET /assets/plugins/datatables2/buttons.colVis.min.js HTTP/1.1" 200 2947
::1 - - [24/Apr/2022:22:52:54 +0200] "GET /assets/plugins/datatables2/dataTables.fixedHeader.min.js HTTP/1.1" 200 6945
::1 - - [24/Apr/2022:22:52:54 +0200] "GET /assets/plugins/datatables2/dataTables.responsive.min.js HTTP/1.1" 200 13031
::1 - - [24/Apr/2022:22:52:54 +0200] "GET /assets/plugins/datatables2/responsive.bootstrap.min.js HTTP/1.1" 200 1246
::1 - - [24/Apr/2022:22:52:54 +0200] "GET /assets/plugins/datatables2/Arabic.json HTTP/1.1" 200 592
::1 - - [24/Apr/2022:22:52:54 +0200] "GET /cars?is_sold=0&draw=1&columns%5B0%5D%5Bdata%5D=id&columns%5B0%5D%5Bname%5D=id&columns%5B0%5D%5Bsearchable%5D=true&columns%5B0%5D%5Borderable%5D=true&columns%5B0%5D%5Bsearch%5D%5Bvalue%5D=&columns%5B0%5D%5Bsearch%5D%5Bregex%5D=false&columns%5B1%5D%5Bdata%5D=branche&columns%5B1%5D%5Bname%5D=branche&columns%5B1%5D%5Bsearchable%5D=true&columns%5B1%5D%5Borderable%5D=true&columns%5B1%5D%5Bsearch%5D%5Bvalue%5D=&columns%5B1%5D%5Bsearch%5D%5Bregex%5D=false&columns%5B2%5D%5Bdata%5D=model&columns%5B2%5D%5Bname%5D=model&columns%5B2%5D%5Bsearchable%5D=true&columns%5B2%5D%5Borderable%5D=true&columns%5B2%5D%5Bsearch%5D%5Bvalue%5D=&columns%5B2%5D%5Bsearch%5D%5Bregex%5D=false&columns%5B3%5D%5Bdata%5D=color&columns%5B3%5D%5Bname%5D=color&columns%5B3%5D%5Bsearchable%5D=true&columns%5B3%5D%5Borderable%5D=true&columns%5B3%5D%5Bsearch%5D%5Bvalue%5D=&columns%5B3%5D%5Bsearch%5D%5Bregex%5D=false&columns%5B4%5D%5Bdata%5D=year&columns%5B4%5D%5Bname%5D=year&columns%5B4%5D%5Bsearchable%5D=true&columns%5B4%5D%5Borderable%5D=true&columns%5B4%5D%5Bsearch%5D%5Bvalue%5D=&columns%5B4%5D%5Bsearch%5D%5Bregex%5D=false&columns%5B5%5D%5Bdata%5D=style&columns%5B5%5D%5Bname%5D=style&columns%5B5%5D%5Bsearchable%5D=true&columns%5B5%5D%5Borderable%5D=true&columns%5B5%5D%5Bsearch%5D%5Bvalue%5D=&columns%5B5%5D%5Bsearch%5D%5Bregex%5D=false&columns%5B6%5D%5Bdata%5D=chassis_no&columns%5B6%5D%5Bname%5D=chassis_no&columns%5B6%5D%5Bsearchable%5D=true&columns%5B6%5D%5Borderable%5D=true&columns%5B6%5D%5Bsearch%5D%5Bvalue%5D=&columns%5B6%5D%5Bsearch%5D%5Bregex%5D=false&columns%5B7%5D%5Bdata%5D=customs_card&columns%5B7%5D%5Bname%5D=customs_card&columns%5B7%5D%5Bsearchable%5D=true&columns%5B7%5D%5Borderable%5D=true&columns%5B7%5D%5Bsearch%5D%5Bvalue%5D=&columns%5B7%5D%5Bsearch%5D%5Bregex%5D=false&columns%5B8%5D%5Bdata%5D=car_number&columns%5B8%5D%5Bname%5D=car_number&columns%5B8%5D%5Bsearchable%5D=true&columns%5B8%5D%5Borderable%5D=true&columns%5B8%5D%5Bsearch%5D%5Bvalue%5D=&columns%5B8%5D%5Bsearch%5D%5Bregex%5D=false&columns%5B9%5D%5Bdata%5D=note&columns%5B9%5D%5Bname%5D=note&columns%5B9%5D%5Bsearchable%5D=true&columns%5B9%5D%5Borderable%5D=true&columns%5B9%5D%5Bsearch%5D%5Bvalue%5D=&columns%5B9%5D%5Bsearch%5D%5Bregex%5D=false&columns%5B10%5D%5Bdata%5D=sale_price&columns%5B10%5D%5Bname%5D=sale_price&columns%5B10%5D%5Bsearchable%5D=true&columns%5B10%5D%5Borderable%5D=true&columns%5B10%5D%5Bsearch%5D%5Bvalue%5D=&columns%5B10%5D%5Bsearch%5D%5Bregex%5D=false&columns%5B11%5D%5Bdata%5D=total_expenses&columns%5B11%5D%5Bname%5D=total_expenses&columns%5B11%5D%5Bsearchable%5D=true&columns%5B11%5D%5Borderable%5D=true&columns%5B11%5D%5Bsearch%5D%5Bvalue%5D=&columns%5B11%5D%5Bsearch%5D%5Bregex%5D=false&columns%5B12%5D%5Bdata%5D=cost_price&columns%5B12%5D%5Bname%5D=cost_price&columns%5B12%5D%5Bsearchable%5D=true&columns%5B12%5D%5Borderable%5D=true&columns%5B12%5D%5Bsearch%5D%5Bvalue%5D=&columns%5B12%5D%5Bsearch%5D%5Bregex%5D=false&columns%5B13%5D%5Bdata%5D=total_cost&columns%5B13%5D%5Bname%5D=total_cost&columns%5B13%5D%5Bsearchable%5D=true&columns%5B13%5D%5Borderable%5D=true&columns%5B13%5D%5Bsearch%5D%5Bvalue%5D=&columns%5B13%5D%5Bsearch%5D%5Bregex%5D=false&columns%5B14%5D%5Bdata%5D=transfer&columns%5B14%5D%5Bname%5D=transfer&columns%5B14%5D%5Bsearchable%5D=false&columns%5B14%5D%5Borderable%5D=false&columns%5B14%5D%5Bsearch%5D%5Bvalue%5D=&columns%5B14%5D%5Bsearch%5D%5Bregex%5D=false&columns%5B15%5D%5Bdata%5D=receive_note&columns%5B15%5D%5Bname%5D=receive_note&columns%5B15%5D%5Bsearchable%5D=false&columns%5B15%5D%5Borderable%5D=false&columns%5B15%5D%5Bsearch%5D%5Bvalue%5D=&columns%5B15%5D%5Bsearch%5D%5Bregex%5D=false&columns%5B16%5D%5Bdata%5D=actions&columns%5B16%5D%5Bname%5D=actions&columns%5B16%5D%5Bsearchable%5D=false&columns%5B16%5D%5Borderable%5D=false&columns%5B16%5D%5Bsearch%5D%5Bvalue%5D=&columns%5B16%5D%5Bsearch%5D%5Bregex%5D=false&order%5B0%5D%5Bcolumn%5D=0&order%5B0%5D%5Bdir%5D=DESC&start=0&length=25&search%5Bvalue%5D=&search%5Bregex%5D=false&fromdate=&todate=&_=1650833574933 HTTP/1.1" 200 2517
::1 - - [24/Apr/2022:22:52:57 +0200] "GET /cars/create HTTP/1.1" 200 74178
::1 - - [24/Apr/2022:22:53:38 +0200] "POST /cars HTTP/1.1" 302 330
::1 - - [24/Apr/2022:22:53:39 +0200] "GET /cars HTTP/1.1" 200 48954
::1 - - [24/Apr/2022:22:53:41 +0200] "GET /cars?&draw=1&columns%5B0%5D%5Bdata%5D=id&columns%5B0%5D%5Bname%5D=id&columns%5B0%5D%5Bsearchable%5D=true&columns%5B0%5D%5Borderable%5D=true&columns%5B0%5D%5Bsearch%5D%5Bvalue%5D=&columns%5B0%5D%5Bsearch%5D%5Bregex%5D=false&columns%5B1%5D%5Bdata%5D=branche&columns%5B1%5D%5Bname%5D=branche&columns%5B1%5D%5Bsearchable%5D=true&columns%5B1%5D%5Borderable%5D=true&columns%5B1%5D%5Bsearch%5D%5Bvalue%5D=&columns%5B1%5D%5Bsearch%5D%5Bregex%5D=false&columns%5B2%5D%5Bdata%5D=model&columns%5B2%5D%5Bname%5D=model&columns%5B2%5D%5Bsearchable%5D=true&columns%5B2%5D%5Borderable%5D=true&columns%5B2%5D%5Bsearch%5D%5Bvalue%5D=&columns%5B2%5D%5Bsearch%5D%5Bregex%5D=false&columns%5B3%5D%5Bdata%5D=color&columns%5B3%5D%5Bname%5D=color&columns%5B3%5D%5Bsearchable%5D=true&columns%5B3%5D%5Borderable%5D=true&columns%5B3%5D%5Bsearch%5D%5Bvalue%5D=&columns%5B3%5D%5Bsearch%5D%5Bregex%5D=false&columns%5B4%5D%5Bdata%5D=year&columns%5B4%5D%5Bname%5D=year&columns%5B4%5D%5Bsearchable%5D=true&columns%5B4%5D%5Borderable%5D=true&columns%5B4%5D%5Bsearch%5D%5Bvalue%5D=&columns%5B4%5D%5Bsearch%5D%5Bregex%5D=false&columns%5B5%5D%5Bdata%5D=style&columns%5B5%5D%5Bname%5D=style&columns%5B5%5D%5Bsearchable%5D=true&columns%5B5%5D%5Borderable%5D=true&columns%5B5%5D%5Bsearch%5D%5Bvalue%5D=&columns%5B5%5D%5Bsearch%5D%5Bregex%5D=false&columns%5B6%5D%5Bdata%5D=chassis_no&columns%5B6%5D%5Bname%5D=chassis_no&columns%5B6%5D%5Bsearchable%5D=true&columns%5B6%5D%5Borderable%5D=true&columns%5B6%5D%5Bsearch%5D%5Bvalue%5D=&columns%5B6%5D%5Bsearch%5D%5Bregex%5D=false&columns%5B7%5D%5Bdata%5D=customs_card&columns%5B7%5D%5Bname%5D=customs_card&columns%5B7%5D%5Bsearchable%5D=true&columns%5B7%5D%5Borderable%5D=true&columns%5B7%5D%5Bsearch%5D%5Bvalue%5D=&columns%5B7%5D%5Bsearch%5D%5Bregex%5D=false&columns%5B8%5D%5Bdata%5D=car_number&columns%5B8%5D%5Bname%5D=car_number&columns%5B8%5D%5Bsearchable%5D=true&columns%5B8%5D%5Borderable%5D=true&columns%5B8%5D%5Bsearch%5D%5Bvalue%5D=&columns%5B8%5D%5Bsearch%5D%5Bregex%5D=false&columns%5B9%5D%5Bdata%5D=note&columns%5B9%5D%5Bname%5D=note&columns%5B9%5D%5Bsearchable%5D=true&columns%5B9%5D%5Borderable%5D=true&columns%5B9%5D%5Bsearch%5D%5Bvalue%5D=&columns%5B9%5D%5Bsearch%5D%5Bregex%5D=false&columns%5B10%5D%5Bdata%5D=sale_price&columns%5B10%5D%5Bname%5D=sale_price&columns%5B10%5D%5Bsearchable%5D=true&columns%5B10%5D%5Borderable%5D=true&columns%5B10%5D%5Bsearch%5D%5Bvalue%5D=&columns%5B10%5D%5Bsearch%5D%5Bregex%5D=false&columns%5B11%5D%5Bdata%5D=total_expenses&columns%5B11%5D%5Bname%5D=total_expenses&columns%5B11%5D%5Bsearchable%5D=true&columns%5B11%5D%5Borderable%5D=true&columns%5B11%5D%5Bsearch%5D%5Bvalue%5D=&columns%5B11%5D%5Bsearch%5D%5Bregex%5D=false&columns%5B12%5D%5Bdata%5D=cost_price&columns%5B12%5D%5Bname%5D=cost_price&columns%5B12%5D%5Bsearchable%5D=true&columns%5B12%5D%5Borderable%5D=true&columns%5B12%5D%5Bsearch%5D%5Bvalue%5D=&columns%5B12%5D%5Bsearch%5D%5Bregex%5D=false&columns%5B13%5D%5Bdata%5D=total_cost&columns%5B13%5D%5Bname%5D=total_cost&columns%5B13%5D%5Bsearchable%5D=true&columns%5B13%5D%5Borderable%5D=true&columns%5B13%5D%5Bsearch%5D%5Bvalue%5D=&columns%5B13%5D%5Bsearch%5D%5Bregex%5D=false&columns%5B14%5D%5Bdata%5D=transfer&columns%5B14%5D%5Bname%5D=transfer&columns%5B14%5D%5Bsearchable%5D=false&columns%5B14%5D%5Borderable%5D=false&columns%5B14%5D%5Bsearch%5D%5Bvalue%5D=&columns%5B14%5D%5Bsearch%5D%5Bregex%5D=false&columns%5B15%5D%5Bdata%5D=receive_note&columns%5B15%5D%5Bname%5D=receive_note&columns%5B15%5D%5Bsearchable%5D=false&columns%5B15%5D%5Borderable%5D=false&columns%5B15%5D%5Bsearch%5D%5Bvalue%5D=&columns%5B15%5D%5Bsearch%5D%5Bregex%5D=false&columns%5B16%5D%5Bdata%5D=actions&columns%5B16%5D%5Bname%5D=actions&columns%5B16%5D%5Bsearchable%5D=false&columns%5B16%5D%5Borderable%5D=false&columns%5B16%5D%5Bsearch%5D%5Bvalue%5D=&columns%5B16%5D%5Bsearch%5D%5Bregex%5D=false&order%5B0%5D%5Bcolumn%5D=0&order%5B0%5D%5Bdir%5D=DESC&start=0&length=25&search%5Bvalue%5D=&search%5Bregex%5D=false&fromdate=&todate=&_=1650833620490 HTTP/1.1" 200 8764
::1 - - [24/Apr/2022:23:03:12 +0200] "GET /invoice/create/sales HTTP/1.1" 200 68817
::1 - - [24/Apr/2022:23:03:16 +0200] "GET /persons/create/client?req=ajax HTTP/1.1" 200 9344
::1 - - [24/Apr/2022:23:03:21 +0200] "POST /persons HTTP/1.1" 200 56
::1 - - [24/Apr/2022:23:03:32 +0200] "POST /invoices HTTP/1.1" 500 17499
::1 - - [24/Apr/2022:23:25:30 +0200] "GET / HTTP/1.1" 200 79538
127.0.0.1 - - [24/Apr/2022:23:25:31 +0200] "GET /storage/8/logo.jpeg HTTP/1.1" 404 322
::1 - - [24/Apr/2022:23:25:37 +0200] "GET /invoices/sales HTTP/1.1" 200 72162
127.0.0.1 - - [24/Apr/2022:23:25:38 +0200] "GET /storage/8/logo.jpeg HTTP/1.1" 404 322
::1 - - [24/Apr/2022:23:25:43 +0200] "GET /users/1/edit HTTP/1.1" 200 4870
127.0.0.1 - - [24/Apr/2022:23:25:44 +0200] "GET /storage/8/logo.jpeg HTTP/1.1" 404 322
::1 - - [24/Apr/2022:23:25:50 +0200] "POST /users/1 HTTP/1.1" 302 334
::1 - - [24/Apr/2022:23:25:50 +0200] "GET /users HTTP/1.1" 200 66611
127.0.0.1 - - [24/Apr/2022:23:25:52 +0200] "GET /storage/8/logo.jpeg HTTP/1.1" 404 322
::1 - - [24/Apr/2022:23:25:57 +0200] "GET /invoices/sales HTTP/1.1" 200 81079
127.0.0.1 - - [24/Apr/2022:23:25:58 +0200] "GET /storage/8/logo.jpeg HTTP/1.1" 404 322
::1 - - [24/Apr/2022:23:26:00 +0200] "GET /invoice/print/4 HTTP/1.1" 200 83803
127.0.0.1 - - [24/Apr/2022:23:26:02 +0200] "GET /storage/8/logo.jpeg HTTP/1.1" 404 322
::1 - - [24/Apr/2022:23:26:02 +0200] "GET /logo/logo.png HTTP/1.1" 200 35051
::1 - - [24/Apr/2022:23:27:50 +0200] "GET /invoice/print/4 HTTP/1.1" 200 123417
::1 - - [25/Apr/2022:15:26:52 +0200] "GET / HTTP/1.1" 302 334
::1 - - [25/Apr/2022:15:26:52 +0200] "GET /login HTTP/1.1" 200 4350
::1 - - [25/Apr/2022:15:26:54 +0200] "POST /login HTTP/1.1" 302 310
::1 - - [25/Apr/2022:15:26:55 +0200] "GET / HTTP/1.1" 200 79556
127.0.0.1 - - [25/Apr/2022:15:26:56 +0200] "GET /storage/8/logo.jpeg HTTP/1.1" 404 322
::1 - - [25/Apr/2022:15:27:00 +0200] "GET /invoices/sales HTTP/1.1" 200 81079
127.0.0.1 - - [25/Apr/2022:15:27:01 +0200] "GET /storage/8/logo.jpeg HTTP/1.1" 404 322
::1 - - [25/Apr/2022:15:27:04 +0200] "GET /invoice/print/4 HTTP/1.1" 200 83803
127.0.0.1 - - [25/Apr/2022:15:27:05 +0200] "GET /storage/8/logo.jpeg HTTP/1.1" 404 322
::1 - - [25/Apr/2022:15:27:13 +0200] "GET /clearCache HTTP/1.1" 302 310
::1 - - [25/Apr/2022:15:27:14 +0200] "GET / HTTP/1.1" 200 79673
127.0.0.1 - - [25/Apr/2022:15:27:16 +0200] "GET /storage/8/logo.jpeg HTTP/1.1" 404 1552
::1 - - [25/Apr/2022:15:27:21 +0200] "GET /invoices/sales HTTP/1.1" 200 81079
127.0.0.1 - - [25/Apr/2022:15:27:22 +0200] "GET /storage/8/logo.jpeg HTTP/1.1" 404 1552
::1 - - [25/Apr/2022:15:27:24 +0200] "GET /invoice/print/4 HTTP/1.1" 500 32269
::1 - - [25/Apr/2022:17:01:32 +0200] "GET /pagead/js/adsbygoogle.js HTTP/1.1" 404 1552
::1 - - [25/Apr/2022:17:01:56 +0200] "GET / HTTP/1.1" 200 79556
127.0.0.1 - - [25/Apr/2022:17:01:58 +0200] "GET /storage/8/logo.jpeg HTTP/1.1" 404 1552
::1 - - [25/Apr/2022:17:02:02 +0200] "GET /invoices/sales HTTP/1.1" 200 81079
127.0.0.1 - - [25/Apr/2022:17:02:03 +0200] "GET /storage/8/logo.jpeg HTTP/1.1" 404 1552
::1 - - [25/Apr/2022:17:02:08 +0200] "GET /invoice/print/4 HTTP/1.1" 500 32269
::1 - - [25/Apr/2022:17:11:25 +0200] "GET /invoice/print/4 HTTP/1.1" 200 123411
::1 - - [25/Apr/2022:17:28:37 +0200] "GET / HTTP/1.1" 200 122357
::1 - - [25/Apr/2022:17:29:03 +0200] "GET / HTTP/1.1" 200 79556
127.0.0.1 - - [25/Apr/2022:17:29:05 +0200] "GET /storage/8/logo.jpeg HTTP/1.1" 404 1552
::1 - - [25/Apr/2022:17:29:11 +0200] "GET /invoices/sales HTTP/1.1" 200 81079
127.0.0.1 - - [25/Apr/2022:17:29:12 +0200] "GET /storage/8/logo.jpeg HTTP/1.1" 404 1552
::1 - - [25/Apr/2022:17:29:14 +0200] "GET /invoice/print/4 HTTP/1.1" 500 32269
::1 - - [25/Apr/2022:17:31:27 +0200] "GET / HTTP/1.1" 200 79556
127.0.0.1 - - [25/Apr/2022:17:31:30 +0200] "GET /storage/8/logo.jpeg HTTP/1.1" 404 1552
::1 - - [25/Apr/2022:17:31:35 +0200] "GET /invoices/sales HTTP/1.1" 200 81079
127.0.0.1 - - [25/Apr/2022:17:31:37 +0200] "GET /storage/8/logo.jpeg HTTP/1.1" 404 1552
::1 - - [25/Apr/2022:17:31:39 +0200] "GET /invoice/print/4 HTTP/1.1" 500 32269
::1 - - [25/Apr/2022:17:32:06 +0200] "GET /uwamp/phpinfo.php HTTP/1.1" 200 99555
::1 - - [25/Apr/2022:17:39:41 +0200] "GET / HTTP/1.1" 200 79556
127.0.0.1 - - [25/Apr/2022:17:39:43 +0200] "GET /storage/8/logo.jpeg HTTP/1.1" 404 1552
::1 - - [25/Apr/2022:17:39:48 +0200] "GET /invoices/sales HTTP/1.1" 200 81079
127.0.0.1 - - [25/Apr/2022:17:39:50 +0200] "GET /storage/8/logo.jpeg HTTP/1.1" 404 1552
::1 - - [25/Apr/2022:17:39:51 +0200] "GET /invoice/print/4 HTTP/1.1" 500 32269
::1 - - [25/Apr/2022:17:39:58 +0200] "GET /invoice/print/4 HTTP/1.1" 500 32267
::1 - - [25/Apr/2022:17:39:58 +0200] "GET /invoice/print/4 HTTP/1.1" 500 32269
::1 - - [25/Apr/2022:17:39:59 +0200] "GET /invoice/print/4 HTTP/1.1" 500 32267
::1 - - [25/Apr/2022:17:39:59 +0200] "GET /invoice/print/4 HTTP/1.1" 500 32269
::1 - - [25/Apr/2022:17:40:00 +0200] "GET /favicon.ico HTTP/1.1" 200 -
::1 - - [25/Apr/2022:17:41:02 +0200] "GET /uwamp/phpinfo.php HTTP/1.1" 200 99559
::1 - - [25/Apr/2022:17:42:39 +0200] "GET / HTTP/1.1" 200 79556
127.0.0.1 - - [25/Apr/2022:17:42:41 +0200] "GET /storage/8/logo.jpeg HTTP/1.1" 404 1552
::1 - - [25/Apr/2022:17:42:47 +0200] "GET /invoices/sales HTTP/1.1" 200 81079
127.0.0.1 - - [25/Apr/2022:17:42:48 +0200] "GET /storage/8/logo.jpeg HTTP/1.1" 404 1552
::1 - - [25/Apr/2022:17:42:50 +0200] "GET /invoice/print/2 HTTP/1.1" 500 32001
::1 - - [25/Apr/2022:17:51:41 +0200] "GET / HTTP/1.1" 200 79556
127.0.0.1 - - [25/Apr/2022:17:51:43 +0200] "GET /storage/8/logo.jpeg HTTP/1.1" 404 1552
::1 - - [25/Apr/2022:17:51:49 +0200] "GET /invoices/sales HTTP/1.1" 200 81079
127.0.0.1 - - [25/Apr/2022:17:51:50 +0200] "GET /storage/8/logo.jpeg HTTP/1.1" 404 1552
::1 - - [25/Apr/2022:17:51:52 +0200] "GET /invoice/print/4 HTTP/1.1" 500 32267
::1 - - [25/Apr/2022:17:51:55 +0200] "GET /invoice/print/4 HTTP/1.1" 500 32267
::1 - - [25/Apr/2022:17:51:56 +0200] "GET /invoice/print/4 HTTP/1.1" 500 32269
::1 - - [25/Apr/2022:17:51:57 +0200] "GET /invoice/print/4 HTTP/1.1" 500 32269
::1 - - [25/Apr/2022:17:51:57 +0200] "GET /favicon.ico HTTP/1.1" 200 -
::1 - - [25/Apr/2022:17:52:05 +0200] "GET /clearCache HTTP/1.1" 302 310
::1 - - [25/Apr/2022:17:52:06 +0200] "GET / HTTP/1.1" 200 79673
127.0.0.1 - - [25/Apr/2022:17:52:07 +0200] "GET /storage/8/logo.jpeg HTTP/1.1" 404 1552
::1 - - [25/Apr/2022:17:52:14 +0200] "GET /invoices/sales HTTP/1.1" 200 81079
127.0.0.1 - - [25/Apr/2022:17:52:16 +0200] "GET /storage/8/logo.jpeg HTTP/1.1" 404 1552
::1 - - [25/Apr/2022:17:52:17 +0200] "GET /invoice/print/4 HTTP/1.1" 500 32267
127.0.0.1 - - [25/Apr/2022:17:57:23 +0200] "GET /storage/8/logo.jpeg HTTP/1.1" 404 1552
::1 - - [25/Apr/2022:17:57:25 +0200] "GET /invoice/print/1 HTTP/1.1" 500 31960
::1 - - [25/Apr/2022:17:57:34 +0200] "GET /uwamp/phpinfo.php HTTP/1.1" 200 104650
::1 - - [25/Apr/2022:18:03:53 +0200] "GET / HTTP/1.1" 200 79556
127.0.0.1 - - [25/Apr/2022:18:03:54 +0200] "GET /storage/8/logo.jpeg HTTP/1.1" 404 1552
::1 - - [25/Apr/2022:18:03:58 +0200] "GET /invoices/sales HTTP/1.1" 200 81079
127.0.0.1 - - [25/Apr/2022:18:03:59 +0200] "GET /storage/8/logo.jpeg HTTP/1.1" 404 1552
::1 - - [25/Apr/2022:18:04:00 +0200] "GET /invoice/print/4 HTTP/1.1" 200 88187
127.0.0.1 - - [25/Apr/2022:18:04:04 +0200] "GET /storage/8/logo.jpeg HTTP/1.1" 404 1552
::1 - - [17/Dec/2023:07:48:05 +0200] "GET / HTTP/1.1" 302 -
::1 - - [17/Dec/2023:07:48:05 +0200] "GET /public/index.php HTTP/1.1" 302 402
::1 - - [17/Dec/2023:07:48:07 +0200] "GET /public/index.php/login HTTP/1.1" 200 4804
::1 - - [17/Dec/2023:07:48:10 +0200] "GET /public/front/font-awesome.min.css HTTP/1.1" 200 31000
::1 - - [17/Dec/2023:07:48:10 +0200] "GET /public/front/bootstrap4.min.css HTTP/1.1" 200 155758
::1 - - [17/Dec/2023:07:48:10 +0200] "GET /public/front/plugins/jQuery/jquery-2.2.3.min.js HTTP/1.1" 200 85659
::1 - - [17/Dec/2023:07:48:10 +0200] "GET /public/front/dist/css/AdminLTE.min.css HTTP/1.1" 200 90255
::1 - - [17/Dec/2023:07:48:10 +0200] "GET /public/front/login.css HTTP/1.1" 200 2015
::1 - - [17/Dec/2023:07:48:10 +0200] "GET /public/front/loginbg.png HTTP/1.1" 200 137265
::1 - - [17/Dec/2023:07:48:10 +0200] "GET /public/front/dist/css/AdminLTE-rtl.min.css HTTP/1.1" 200 21350
::1 - - [17/Dec/2023:07:48:10 +0200] "GET /public/front/bootstrap/js/bootstrap.min.js HTTP/1.1" 200 36868
::1 - - [17/Dec/2023:07:48:10 +0200] "GET /public/front/fonts/DroidKufi-Bold.woff HTTP/1.1" 200 39228
::1 - - [17/Dec/2023:07:48:10 +0200] "GET /public/index.php/sahallogo.png HTTP/1.1" 404 1472
::1 - - [17/Dec/2023:07:48:11 +0200] "GET /favicon.ico HTTP/1.1" 404 308
