2023-11-28T13:28:16.571539Z 0 [Warning] TIMESTAMP with implicit DEFAULT value is deprecated. Please use --explicit_defaults_for_timestamp server option (see documentation for more details).
2023-11-28T13:28:16.571539Z 0 [Warning] 'NO_ZERO_DATE', 'NO_ZERO_IN_DATE' and 'ERROR_FOR_DIVISION_BY_ZERO' sql modes should be used with strict mode. They will be merged with strict mode in a future release.
2023-11-28T13:28:16.571539Z 0 [Warning] 'NO_AUTO_CREATE_USER' sql mode was not set.
2023-11-28T13:28:16.571539Z 0 [Warning] Insecure configuration for --secure-file-priv: Current value does not restrict location of generated files. Consider setting it to a valid, non-empty path.
2023-11-28T13:28:16.586616Z 0 [ERROR] Cannot open Windows EventLog; check privileges, or start server with --log_syslog=0
2023-11-28T13:28:16.586616Z 0 [Note] Z:\SAMDESKTOP\bin\database\mysql-5.7.11\bin\mysqld.exe (mysqld 5.7.11) starting as process 4708 ...
2023-11-28T13:28:16.665119Z 0 [ERROR] Can't open shared library 'Z:\SAMDESKTOP\bin\database\mysql-5.7.11\lib\plugin\keyring_file.dll' (errno: 126 The specified module could not be found.)
2023-11-28T13:28:16.680400Z 0 [ERROR] Couldn't load plugin named 'keyring_file' with soname 'keyring_file.dll'.
2023-11-28T13:28:16.695894Z 0 [Note] InnoDB: Mutexes and rw_locks use Windows interlocked functions
2023-11-28T13:28:16.695894Z 0 [Note] InnoDB: Uses event mutexes
2023-11-28T13:28:16.695894Z 0 [Note] InnoDB: Memory barrier is not used
2023-11-28T13:28:16.711588Z 0 [Note] InnoDB: Compressed tables use zlib 1.2.3
2023-11-28T13:28:16.711588Z 0 [Note] InnoDB: Number of pools: 1
2023-11-28T13:28:16.711588Z 0 [Note] InnoDB: Not using CPU crc32 instructions
2023-11-28T13:28:16.789622Z 0 [Note] InnoDB: Initializing buffer pool, total size = 128M, instances = 1, chunk size = 128M
2023-11-28T13:28:16.789622Z 0 [Note] InnoDB: Completed initialization of buffer pool
2023-11-28T13:28:16.867759Z 0 [Note] InnoDB: Highest supported file format is Barracuda.
2023-11-28T13:28:17.078700Z 0 [Note] InnoDB: Creating shared tablespace for temporary tables
2023-11-28T13:28:17.078700Z 0 [Note] InnoDB: Setting file '.\ibtmp1' size to 12 MB. Physically writing the file full; Please wait ...
2023-11-28T13:28:17.110806Z 0 [Note] InnoDB: File '.\ibtmp1' size is now 12 MB.
2023-11-28T13:28:17.125575Z 0 [Note] InnoDB: 96 redo rollback segment(s) found. 96 redo rollback segment(s) are active.
2023-11-28T13:28:17.125575Z 0 [Note] InnoDB: 32 non-redo rollback segment(s) are active.
2023-11-28T13:28:17.125575Z 0 [Note] InnoDB: Waiting for purge to start
2023-11-28T13:28:17.203680Z 0 [Note] InnoDB: 5.7.11 started; log sequence number 2603549
2023-11-28T13:28:17.203680Z 0 [Note] InnoDB: Loading buffer pool(s) from Z:\SAMDESKTOP\bin\database\mysql-5.7.11\data\ib_buffer_pool
2023-11-28T13:28:17.203680Z 0 [Note] Plugin 'FEDERATED' is disabled.
2023-11-28T13:28:17.250672Z 0 [Warning] Failed to set up SSL because of the following SSL library error: SSL context is not usable without certificate and private key
2023-11-28T13:28:17.250672Z 0 [Note] InnoDB: Buffer pool(s) load completed at 231128 15:28:17
2023-11-28T13:28:17.250672Z 0 [Note] Server hostname (bind-address): '*'; port: 3306
2023-11-28T13:28:17.266643Z 0 [Note] IPv6 is available.
2023-11-28T13:28:17.266643Z 0 [Note]   - '::' resolves to '::';
2023-11-28T13:28:17.266643Z 0 [Note] Server socket created on IP: '::'.
2023-11-28T13:28:17.469399Z 0 [Note] Event Scheduler: Loaded 0 events
2023-11-28T13:28:17.487251Z 0 [Note] Z:\SAMDESKTOP\bin\database\mysql-5.7.11\bin\mysqld.exe: ready for connections.
Version: '5.7.11'  socket: ''  port: 3306  MySQL Community Server (GPL)
2023-12-17T05:44:08.385437Z 0 [Warning] TIMESTAMP with implicit DEFAULT value is deprecated. Please use --explicit_defaults_for_timestamp server option (see documentation for more details).
2023-12-17T05:44:08.385437Z 0 [Warning] 'NO_ZERO_DATE', 'NO_ZERO_IN_DATE' and 'ERROR_FOR_DIVISION_BY_ZERO' sql modes should be used with strict mode. They will be merged with strict mode in a future release.
2023-12-17T05:44:08.385437Z 0 [Warning] 'NO_AUTO_CREATE_USER' sql mode was not set.
2023-12-17T05:44:08.385437Z 0 [Warning] Insecure configuration for --secure-file-priv: Current value does not restrict location of generated files. Consider setting it to a valid, non-empty path.
2023-12-17T05:44:08.385437Z 0 [ERROR] Cannot open Windows EventLog; check privileges, or start server with --log_syslog=0
2023-12-17T05:44:08.385437Z 0 [Note] Z:\SAMDESKTOP\bin\database\mysql-5.7.11\bin\mysqld.exe (mysqld 5.7.11) starting as process 8128 ...
2023-12-17T05:44:08.525735Z 0 [ERROR] Can't open shared library 'Z:\SAMDESKTOP\bin\database\mysql-5.7.11\lib\plugin\keyring_file.dll' (errno: 126 The specified module could not be found.)
2023-12-17T05:44:08.557895Z 0 [ERROR] Couldn't load plugin named 'keyring_file' with soname 'keyring_file.dll'.
2023-12-17T05:44:08.572574Z 0 [Note] InnoDB: Mutexes and rw_locks use Windows interlocked functions
2023-12-17T05:44:08.572574Z 0 [Note] InnoDB: Uses event mutexes
2023-12-17T05:44:08.587550Z 0 [Note] InnoDB: Memory barrier is not used
2023-12-17T05:44:08.587550Z 0 [Note] InnoDB: Compressed tables use zlib 1.2.3
2023-12-17T05:44:08.603644Z 0 [Note] InnoDB: Number of pools: 1
2023-12-17T05:44:08.603644Z 0 [Note] InnoDB: Not using CPU crc32 instructions
2023-12-17T05:44:08.681123Z 0 [Note] InnoDB: Initializing buffer pool, total size = 128M, instances = 1, chunk size = 128M
2023-12-17T05:44:08.696587Z 0 [Note] InnoDB: Completed initialization of buffer pool
2023-12-17T05:44:08.759965Z 0 [Note] InnoDB: Highest supported file format is Barracuda.
2023-12-17T05:44:08.759965Z 0 [Note] InnoDB: Log scan progressed past the checkpoint lsn 2603568
2023-12-17T05:44:08.775972Z 0 [Note] InnoDB: Doing recovery: scanned up to log sequence number 2603577
2023-12-17T05:44:08.775972Z 0 [Note] InnoDB: Doing recovery: scanned up to log sequence number 2603577
2023-12-17T05:44:08.791903Z 0 [Note] InnoDB: Database was not shutdown normally!
2023-12-17T05:44:08.791903Z 0 [Note] InnoDB: Starting crash recovery.
2023-12-17T05:44:09.196776Z 0 [Note] InnoDB: Removed temporary tablespace data file: "ibtmp1"
2023-12-17T05:44:09.196776Z 0 [Note] InnoDB: Creating shared tablespace for temporary tables
2023-12-17T05:44:09.212457Z 0 [Note] InnoDB: Setting file '.\ibtmp1' size to 12 MB. Physically writing the file full; Please wait ...
2023-12-17T05:44:09.243832Z 0 [Note] InnoDB: File '.\ibtmp1' size is now 12 MB.
2023-12-17T05:44:09.259248Z 0 [Note] InnoDB: 96 redo rollback segment(s) found. 96 redo rollback segment(s) are active.
2023-12-17T05:44:09.259248Z 0 [Note] InnoDB: 32 non-redo rollback segment(s) are active.
2023-12-17T05:44:09.274863Z 0 [Note] InnoDB: Waiting for purge to start
2023-12-17T05:44:09.353077Z 0 [Note] InnoDB: 5.7.11 started; log sequence number 2603577
2023-12-17T05:44:09.353077Z 0 [Note] Plugin 'FEDERATED' is disabled.
2023-12-17T05:44:09.353077Z 0 [Note] InnoDB: Loading buffer pool(s) from Z:\SAMDESKTOP\bin\database\mysql-5.7.11\data\ib_buffer_pool
2023-12-17T05:44:09.400135Z 0 [Warning] Failed to set up SSL because of the following SSL library error: SSL context is not usable without certificate and private key
2023-12-17T05:44:09.431464Z 0 [Note] Server hostname (bind-address): '*'; port: 3306
2023-12-17T05:44:09.431464Z 0 [Note] InnoDB: Buffer pool(s) load completed at 231217  7:44:09
2023-12-17T05:44:09.431464Z 0 [Note] IPv6 is available.
2023-12-17T05:44:09.447031Z 0 [Note]   - '::' resolves to '::';
2023-12-17T05:44:09.447031Z 0 [Note] Server socket created on IP: '::'.
2023-12-17T05:44:09.822698Z 0 [Note] Event Scheduler: Loaded 0 events
2023-12-17T05:44:09.854123Z 0 [Note] Z:\SAMDESKTOP\bin\database\mysql-5.7.11\bin\mysqld.exe: ready for connections.
Version: '5.7.11'  socket: ''  port: 3306  MySQL Community Server (GPL)
2023-12-17T05:44:44.936776Z 0 [Note] Z:\SAMDESKTOP\bin\database\mysql-5.7.11\bin\mysqld.exe: Normal shutdown

2023-12-17T05:44:44.966811Z 0 [Note] Giving 0 client threads a chance to die gracefully
2023-12-17T05:44:44.976496Z 0 [Note] Shutting down slave threads
2023-12-17T05:44:44.987941Z 0 [Note] Forcefully disconnecting 0 remaining clients
2023-12-17T05:44:45.003365Z 0 [Note] Event Scheduler: Purging the queue. 0 events
2023-12-17T05:44:45.008451Z 0 [Note] Binlog end
2023-12-17T05:44:45.018114Z 0 [Note] Shutting down plugin 'ngram'
2023-12-17T05:44:45.023092Z 0 [Note] Shutting down plugin 'partition'
2023-12-17T05:44:45.028593Z 0 [Note] Shutting down plugin 'BLACKHOLE'
2023-12-17T05:44:45.042781Z 0 [Note] Shutting down plugin 'ARCHIVE'
2023-12-17T05:44:45.048560Z 0 [Note] Shutting down plugin 'PERFORMANCE_SCHEMA'
2023-12-17T05:44:45.063127Z 0 [Note] Shutting down plugin 'MRG_MYISAM'
2023-12-17T05:44:45.069071Z 0 [Note] Shutting down plugin 'MyISAM'
2023-12-17T05:44:45.082513Z 0 [Note] Shutting down plugin 'INNODB_SYS_VIRTUAL'
2023-12-17T05:44:45.087695Z 0 [Note] Shutting down plugin 'INNODB_SYS_DATAFILES'
2023-12-17T05:44:45.102895Z 0 [Note] Shutting down plugin 'INNODB_SYS_TABLESPACES'
2023-12-17T05:44:45.113381Z 0 [Note] Shutting down plugin 'INNODB_SYS_FOREIGN_COLS'
2023-12-17T05:44:45.118514Z 0 [Note] Shutting down plugin 'INNODB_SYS_FOREIGN'
2023-12-17T05:44:45.133599Z 0 [Note] Shutting down plugin 'INNODB_SYS_FIELDS'
2023-12-17T05:44:45.138850Z 0 [Note] Shutting down plugin 'INNODB_SYS_COLUMNS'
2023-12-17T05:44:45.149114Z 0 [Note] Shutting down plugin 'INNODB_SYS_INDEXES'
2023-12-17T05:44:45.159731Z 0 [Note] Shutting down plugin 'INNODB_SYS_TABLESTATS'
2023-12-17T05:44:45.163799Z 0 [Note] Shutting down plugin 'INNODB_SYS_TABLES'
2023-12-17T05:44:45.174107Z 0 [Note] Shutting down plugin 'INNODB_FT_INDEX_TABLE'
2023-12-17T05:44:45.184405Z 0 [Note] Shutting down plugin 'INNODB_FT_INDEX_CACHE'
2023-12-17T05:44:45.195243Z 0 [Note] Shutting down plugin 'INNODB_FT_CONFIG'
2023-12-17T05:44:45.199922Z 0 [Note] Shutting down plugin 'INNODB_FT_BEING_DELETED'
2023-12-17T05:44:45.215002Z 0 [Note] Shutting down plugin 'INNODB_FT_DELETED'
2023-12-17T05:44:45.225694Z 0 [Note] Shutting down plugin 'INNODB_FT_DEFAULT_STOPWORD'
2023-12-17T05:44:45.235505Z 0 [Note] Shutting down plugin 'INNODB_METRICS'
2023-12-17T05:44:45.240579Z 0 [Note] Shutting down plugin 'INNODB_TEMP_TABLE_INFO'
2023-12-17T05:44:45.245709Z 0 [Note] Shutting down plugin 'INNODB_BUFFER_POOL_STATS'
2023-12-17T05:44:45.255957Z 0 [Note] Shutting down plugin 'INNODB_BUFFER_PAGE_LRU'
2023-12-17T05:44:45.260997Z 0 [Note] Shutting down plugin 'INNODB_BUFFER_PAGE'
2023-12-17T05:44:45.260997Z 0 [Note] Shutting down plugin 'INNODB_CMP_PER_INDEX_RESET'
2023-12-17T05:44:45.265751Z 0 [Note] Shutting down plugin 'INNODB_CMP_PER_INDEX'
2023-12-17T05:44:45.271147Z 0 [Note] Shutting down plugin 'INNODB_CMPMEM_RESET'
2023-12-17T05:44:45.275937Z 0 [Note] Shutting down plugin 'INNODB_CMPMEM'
2023-12-17T05:44:45.281423Z 0 [Note] Shutting down plugin 'INNODB_CMP_RESET'
2023-12-17T05:44:45.288543Z 0 [Note] Shutting down plugin 'INNODB_CMP'
2023-12-17T05:44:45.291849Z 0 [Note] Shutting down plugin 'INNODB_LOCK_WAITS'
2023-12-17T05:44:45.296640Z 0 [Note] Shutting down plugin 'INNODB_LOCKS'
2023-12-17T05:44:45.298977Z 0 [Note] Shutting down plugin 'INNODB_TRX'
2023-12-17T05:44:45.301953Z 0 [Note] Shutting down plugin 'InnoDB'
2023-12-17T05:44:45.301953Z 0 [Note] InnoDB: FTS optimize thread exiting.
2023-12-17T05:44:45.306908Z 0 [Note] InnoDB: Starting shutdown...
2023-12-17T05:44:45.429384Z 0 [Note] InnoDB: Dumping buffer pool(s) to Z:\SAMDESKTOP\bin\database\mysql-5.7.11\data\ib_buffer_pool
2023-12-17T05:44:45.530689Z 0 [Note] InnoDB: Buffer pool(s) dump completed at 231217  7:44:45
2023-12-17T05:44:46.532639Z 0 [Note] InnoDB: Shutdown completed; log sequence number 2603605
2023-12-17T05:44:46.562913Z 0 [Note] InnoDB: Removed temporary tablespace data file: "ibtmp1"
2023-12-17T05:44:46.583661Z 0 [Note] Shutting down plugin 'MEMORY'
2023-12-17T05:44:46.606163Z 0 [Note] Shutting down plugin 'CSV'
2023-12-17T05:44:46.623882Z 0 [Note] Shutting down plugin 'sha256_password'
2023-12-17T05:44:46.644513Z 0 [Note] Shutting down plugin 'mysql_native_password'
2023-12-17T05:44:46.674787Z 0 [Note] Shutting down plugin 'binlog'
2023-12-17T05:44:46.695477Z 0 [Note] Z:\SAMDESKTOP\bin\database\mysql-5.7.11\bin\mysqld.exe: Shutdown complete

2023-12-17T05:44:47.993200Z 0 [Warning] TIMESTAMP with implicit DEFAULT value is deprecated. Please use --explicit_defaults_for_timestamp server option (see documentation for more details).
2023-12-17T05:44:47.993200Z 0 [Warning] 'NO_ZERO_DATE', 'NO_ZERO_IN_DATE' and 'ERROR_FOR_DIVISION_BY_ZERO' sql modes should be used with strict mode. They will be merged with strict mode in a future release.
2023-12-17T05:44:47.993200Z 0 [Warning] 'NO_AUTO_CREATE_USER' sql mode was not set.
2023-12-17T05:44:47.993200Z 0 [Warning] Insecure configuration for --secure-file-priv: Current value does not restrict location of generated files. Consider setting it to a valid, non-empty path.
2023-12-17T05:44:47.993200Z 0 [ERROR] Cannot open Windows EventLog; check privileges, or start server with --log_syslog=0
2023-12-17T05:44:47.993200Z 0 [Note] Z:\SAMDESKTOP\bin\database\mysql-5.7.11\bin\mysqld.exe (mysqld 5.7.11) starting as process 2164 ...
2023-12-17T05:44:48.101997Z 0 [ERROR] Can't open shared library 'Z:\SAMDESKTOP\bin\database\mysql-5.7.11\lib\plugin\keyring_file.dll' (errno: 126 The specified module could not be found.)
2023-12-17T05:44:48.118031Z 0 [ERROR] Couldn't load plugin named 'keyring_file' with soname 'keyring_file.dll'.
2023-12-17T05:44:48.132878Z 0 [Note] InnoDB: Mutexes and rw_locks use Windows interlocked functions
2023-12-17T05:44:48.132878Z 0 [Note] InnoDB: Uses event mutexes
2023-12-17T05:44:48.132878Z 0 [Note] InnoDB: Memory barrier is not used
2023-12-17T05:44:48.148847Z 0 [Note] InnoDB: Compressed tables use zlib 1.2.3
2023-12-17T05:44:48.148847Z 0 [Note] InnoDB: Number of pools: 1
2023-12-17T05:44:48.165703Z 0 [Note] InnoDB: Not using CPU crc32 instructions
2023-12-17T05:44:48.226930Z 0 [Note] InnoDB: Initializing buffer pool, total size = 128M, instances = 1, chunk size = 128M
2023-12-17T05:44:48.242455Z 0 [Note] InnoDB: Completed initialization of buffer pool
2023-12-17T05:44:48.321633Z 0 [Note] InnoDB: Highest supported file format is Barracuda.
2023-12-17T05:44:48.556000Z 0 [Note] InnoDB: Creating shared tablespace for temporary tables
2023-12-17T05:44:48.571846Z 0 [Note] InnoDB: Setting file '.\ibtmp1' size to 12 MB. Physically writing the file full; Please wait ...
2023-12-17T05:44:48.602808Z 0 [Note] InnoDB: File '.\ibtmp1' size is now 12 MB.
2023-12-17T05:44:48.619160Z 0 [Note] InnoDB: 96 redo rollback segment(s) found. 96 redo rollback segment(s) are active.
2023-12-17T05:44:48.619160Z 0 [Note] InnoDB: 32 non-redo rollback segment(s) are active.
2023-12-17T05:44:48.633890Z 0 [Note] InnoDB: Waiting for purge to start
2023-12-17T05:44:48.711745Z 0 [Note] InnoDB: 5.7.11 started; log sequence number 2603605
2023-12-17T05:44:48.711745Z 0 [Note] Plugin 'FEDERATED' is disabled.
2023-12-17T05:44:48.711745Z 0 [Note] InnoDB: Loading buffer pool(s) from Z:\SAMDESKTOP\bin\database\mysql-5.7.11\data\ib_buffer_pool
2023-12-17T05:44:48.759143Z 0 [Warning] Failed to set up SSL because of the following SSL library error: SSL context is not usable without certificate and private key
2023-12-17T05:44:48.774532Z 0 [Note] Server hostname (bind-address): '*'; port: 3306
2023-12-17T05:44:48.789864Z 0 [Note] IPv6 is available.
2023-12-17T05:44:48.789864Z 0 [Note]   - '::' resolves to '::';
2023-12-17T05:44:48.789864Z 0 [Note] InnoDB: Buffer pool(s) load completed at 231217  7:44:48
2023-12-17T05:44:48.804929Z 0 [Note] Server socket created on IP: '::'.
2023-12-17T05:44:49.164935Z 0 [Note] Event Scheduler: Loaded 0 events
2023-12-17T05:44:49.164935Z 0 [Note] Z:\SAMDESKTOP\bin\database\mysql-5.7.11\bin\mysqld.exe: ready for connections.
Version: '5.7.11'  socket: ''  port: 3306  MySQL Community Server (GPL)
2023-12-17T05:45:54.280624Z 0 [Note] Z:\SAMDESKTOP\bin\database\mysql-5.7.11\bin\mysqld.exe: Normal shutdown

2023-12-17T05:45:54.296188Z 0 [Note] Giving 0 client threads a chance to die gracefully
2023-12-17T05:45:54.324369Z 0 [Note] Shutting down slave threads
2023-12-17T05:45:54.342681Z 0 [Note] Forcefully disconnecting 0 remaining clients
2023-12-17T05:45:54.356255Z 0 [Note] Event Scheduler: Purging the queue. 0 events
2023-12-17T05:45:54.377266Z 0 [Note] Binlog end
2023-12-17T05:45:54.396286Z 0 [Note] Shutting down plugin 'ngram'
2023-12-17T05:45:54.408487Z 0 [Note] Shutting down plugin 'partition'
2023-12-17T05:45:54.421405Z 0 [Note] Shutting down plugin 'BLACKHOLE'
2023-12-17T05:45:54.433516Z 0 [Note] Shutting down plugin 'ARCHIVE'
2023-12-17T05:45:54.440274Z 0 [Note] Shutting down plugin 'PERFORMANCE_SCHEMA'
2023-12-17T05:45:54.448273Z 0 [Note] Shutting down plugin 'MRG_MYISAM'
2023-12-17T05:45:54.455163Z 0 [Note] Shutting down plugin 'MyISAM'
2023-12-17T05:45:54.462985Z 0 [Note] Shutting down plugin 'INNODB_SYS_VIRTUAL'
2023-12-17T05:45:54.469589Z 0 [Note] Shutting down plugin 'INNODB_SYS_DATAFILES'
2023-12-17T05:45:54.474614Z 0 [Note] Shutting down plugin 'INNODB_SYS_TABLESPACES'
2023-12-17T05:45:54.481424Z 0 [Note] Shutting down plugin 'INNODB_SYS_FOREIGN_COLS'
2023-12-17T05:45:54.484756Z 0 [Note] Shutting down plugin 'INNODB_SYS_FOREIGN'
2023-12-17T05:45:54.489679Z 0 [Note] Shutting down plugin 'INNODB_SYS_FIELDS'
2023-12-17T05:45:54.495476Z 0 [Note] Shutting down plugin 'INNODB_SYS_COLUMNS'
2023-12-17T05:45:54.498560Z 0 [Note] Shutting down plugin 'INNODB_SYS_INDEXES'
2023-12-17T05:45:54.498560Z 0 [Note] Shutting down plugin 'INNODB_SYS_TABLESTATS'
2023-12-17T05:45:54.498560Z 0 [Note] Shutting down plugin 'INNODB_SYS_TABLES'
2023-12-17T05:45:54.514463Z 0 [Note] Shutting down plugin 'INNODB_FT_INDEX_TABLE'
2023-12-17T05:45:54.514463Z 0 [Note] Shutting down plugin 'INNODB_FT_INDEX_CACHE'
2023-12-17T05:45:54.514463Z 0 [Note] Shutting down plugin 'INNODB_FT_CONFIG'
2023-12-17T05:45:54.514463Z 0 [Note] Shutting down plugin 'INNODB_FT_BEING_DELETED'
2023-12-17T05:45:54.530209Z 0 [Note] Shutting down plugin 'INNODB_FT_DELETED'
2023-12-17T05:45:54.530209Z 0 [Note] Shutting down plugin 'INNODB_FT_DEFAULT_STOPWORD'
2023-12-17T05:45:54.530209Z 0 [Note] Shutting down plugin 'INNODB_METRICS'
2023-12-17T05:45:54.530209Z 0 [Note] Shutting down plugin 'INNODB_TEMP_TABLE_INFO'
2023-12-17T05:45:54.545765Z 0 [Note] Shutting down plugin 'INNODB_BUFFER_POOL_STATS'
2023-12-17T05:45:54.545765Z 0 [Note] Shutting down plugin 'INNODB_BUFFER_PAGE_LRU'
2023-12-17T05:45:54.545765Z 0 [Note] Shutting down plugin 'INNODB_BUFFER_PAGE'
2023-12-17T05:45:54.561435Z 0 [Note] Shutting down plugin 'INNODB_CMP_PER_INDEX_RESET'
2023-12-17T05:45:54.561435Z 0 [Note] Shutting down plugin 'INNODB_CMP_PER_INDEX'
2023-12-17T05:45:54.561435Z 0 [Note] Shutting down plugin 'INNODB_CMPMEM_RESET'
2023-12-17T05:45:54.561435Z 0 [Note] Shutting down plugin 'INNODB_CMPMEM'
2023-12-17T05:45:54.577559Z 0 [Note] Shutting down plugin 'INNODB_CMP_RESET'
2023-12-17T05:45:54.577559Z 0 [Note] Shutting down plugin 'INNODB_CMP'
2023-12-17T05:45:54.577559Z 0 [Note] Shutting down plugin 'INNODB_LOCK_WAITS'
2023-12-17T05:45:54.577559Z 0 [Note] Shutting down plugin 'INNODB_LOCKS'
2023-12-17T05:45:54.592626Z 0 [Note] Shutting down plugin 'INNODB_TRX'
2023-12-17T05:45:54.592626Z 0 [Note] Shutting down plugin 'InnoDB'
2023-12-17T05:45:54.592626Z 0 [Note] InnoDB: FTS optimize thread exiting.
2023-12-17T05:45:54.592626Z 0 [Note] InnoDB: Starting shutdown...
2023-12-17T05:45:54.718396Z 0 [Note] InnoDB: Dumping buffer pool(s) to Z:\SAMDESKTOP\bin\database\mysql-5.7.11\data\ib_buffer_pool
2023-12-17T05:45:54.740241Z 0 [Note] InnoDB: Buffer pool(s) dump completed at 231217  7:45:54
2023-12-17T05:45:55.841511Z 0 [Note] InnoDB: Shutdown completed; log sequence number 2603633
2023-12-17T05:45:55.857229Z 0 [Note] InnoDB: Removed temporary tablespace data file: "ibtmp1"
2023-12-17T05:45:55.857229Z 0 [Note] Shutting down plugin 'MEMORY'
2023-12-17T05:45:55.872909Z 0 [Note] Shutting down plugin 'CSV'
2023-12-17T05:45:55.872909Z 0 [Note] Shutting down plugin 'sha256_password'
2023-12-17T05:45:55.872909Z 0 [Note] Shutting down plugin 'mysql_native_password'
2023-12-17T05:45:55.872909Z 0 [Note] Shutting down plugin 'binlog'
2023-12-17T05:45:55.888459Z 0 [Note] Z:\SAMDESKTOP\bin\database\mysql-5.7.11\bin\mysqld.exe: Shutdown complete

2023-12-17T05:47:01.637502Z 0 [Warning] TIMESTAMP with implicit DEFAULT value is deprecated. Please use --explicit_defaults_for_timestamp server option (see documentation for more details).
2023-12-17T05:47:01.637502Z 0 [Warning] 'NO_ZERO_DATE', 'NO_ZERO_IN_DATE' and 'ERROR_FOR_DIVISION_BY_ZERO' sql modes should be used with strict mode. They will be merged with strict mode in a future release.
2023-12-17T05:47:01.637502Z 0 [Warning] 'NO_AUTO_CREATE_USER' sql mode was not set.
2023-12-17T05:47:01.637502Z 0 [Warning] Insecure configuration for --secure-file-priv: Current value does not restrict location of generated files. Consider setting it to a valid, non-empty path.
2023-12-17T05:47:01.637502Z 0 [ERROR] Cannot open Windows EventLog; check privileges, or start server with --log_syslog=0
2023-12-17T05:47:01.637502Z 0 [Note] Z:\SAMDESKTOP\bin\database\mysql-5.7.11\bin\mysqld.exe (mysqld 5.7.11) starting as process 8160 ...
2023-12-17T05:47:01.761258Z 0 [ERROR] Can't open shared library 'Z:\SAMDESKTOP\bin\database\mysql-5.7.11\lib\plugin\keyring_file.dll' (errno: 126 The specified module could not be found.)
2023-12-17T05:47:01.777675Z 0 [ERROR] Couldn't load plugin named 'keyring_file' with soname 'keyring_file.dll'.
2023-12-17T05:47:01.777675Z 0 [Note] InnoDB: Mutexes and rw_locks use Windows interlocked functions
2023-12-17T05:47:01.792556Z 0 [Note] InnoDB: Uses event mutexes
2023-12-17T05:47:01.792556Z 0 [Note] InnoDB: Memory barrier is not used
2023-12-17T05:47:01.792556Z 0 [Note] InnoDB: Compressed tables use zlib 1.2.3
2023-12-17T05:47:01.808086Z 0 [Note] InnoDB: Number of pools: 1
2023-12-17T05:47:01.808086Z 0 [Note] InnoDB: Not using CPU crc32 instructions
2023-12-17T05:47:01.856149Z 0 [Note] InnoDB: Initializing buffer pool, total size = 128M, instances = 1, chunk size = 128M
2023-12-17T05:47:01.886645Z 0 [Note] InnoDB: Completed initialization of buffer pool
2023-12-17T05:47:01.948860Z 0 [Note] InnoDB: Highest supported file format is Barracuda.
2023-12-17T05:47:02.231662Z 0 [Note] InnoDB: Creating shared tablespace for temporary tables
2023-12-17T05:47:02.231662Z 0 [Note] InnoDB: Setting file '.\ibtmp1' size to 12 MB. Physically writing the file full; Please wait ...
2023-12-17T05:47:02.261270Z 0 [Note] InnoDB: File '.\ibtmp1' size is now 12 MB.
2023-12-17T05:47:02.276837Z 0 [Note] InnoDB: 96 redo rollback segment(s) found. 96 redo rollback segment(s) are active.
2023-12-17T05:47:02.293657Z 0 [Note] InnoDB: 32 non-redo rollback segment(s) are active.
2023-12-17T05:47:02.293657Z 0 [Note] InnoDB: Waiting for purge to start
2023-12-17T05:47:02.371557Z 0 [Note] InnoDB: 5.7.11 started; log sequence number 2603633
2023-12-17T05:47:02.371557Z 0 [Note] Plugin 'FEDERATED' is disabled.
2023-12-17T05:47:02.371557Z 0 [Note] InnoDB: Loading buffer pool(s) from Z:\SAMDESKTOP\bin\database\mysql-5.7.11\data\ib_buffer_pool
2023-12-17T05:47:02.402321Z 0 [Warning] Failed to set up SSL because of the following SSL library error: SSL context is not usable without certificate and private key
2023-12-17T05:47:02.433319Z 0 [Note] Server hostname (bind-address): '*'; port: 3306
2023-12-17T05:47:02.433319Z 0 [Note] IPv6 is available.
2023-12-17T05:47:02.450184Z 0 [Note] InnoDB: Buffer pool(s) load completed at 231217  7:47:02
2023-12-17T05:47:02.450184Z 0 [Note]   - '::' resolves to '::';
2023-12-17T05:47:02.465388Z 0 [Note] Server socket created on IP: '::'.
2023-12-17T05:47:02.683145Z 0 [Note] Event Scheduler: Loaded 0 events
2023-12-17T05:47:02.683145Z 0 [Note] Z:\SAMDESKTOP\bin\database\mysql-5.7.11\bin\mysqld.exe: ready for connections.
Version: '5.7.11'  socket: ''  port: 3306  MySQL Community Server (GPL)
2023-12-17T05:47:33.529352Z 0 [Note] Z:\SAMDESKTOP\bin\database\mysql-5.7.11\bin\mysqld.exe: Normal shutdown

2023-12-17T05:47:33.529352Z 0 [Note] Giving 0 client threads a chance to die gracefully
2023-12-17T05:47:33.529352Z 0 [Note] Shutting down slave threads
2023-12-17T05:47:33.544691Z 0 [Note] Forcefully disconnecting 0 remaining clients
2023-12-17T05:47:33.544691Z 0 [Note] Event Scheduler: Purging the queue. 0 events
2023-12-17T05:47:33.544691Z 0 [Note] Binlog end
2023-12-17T05:47:33.560311Z 0 [Note] Shutting down plugin 'ngram'
2023-12-17T05:47:33.560311Z 0 [Note] Shutting down plugin 'partition'
2023-12-17T05:47:33.560311Z 0 [Note] Shutting down plugin 'BLACKHOLE'
2023-12-17T05:47:33.560311Z 0 [Note] Shutting down plugin 'ARCHIVE'
2023-12-17T05:47:33.575889Z 0 [Note] Shutting down plugin 'PERFORMANCE_SCHEMA'
2023-12-17T05:47:33.575889Z 0 [Note] Shutting down plugin 'MRG_MYISAM'
2023-12-17T05:47:33.591657Z 0 [Note] Shutting down plugin 'MyISAM'
2023-12-17T05:47:33.591657Z 0 [Note] Shutting down plugin 'INNODB_SYS_VIRTUAL'
2023-12-17T05:47:33.591657Z 0 [Note] Shutting down plugin 'INNODB_SYS_DATAFILES'
2023-12-17T05:47:33.607168Z 0 [Note] Shutting down plugin 'INNODB_SYS_TABLESPACES'
2023-12-17T05:47:33.607168Z 0 [Note] Shutting down plugin 'INNODB_SYS_FOREIGN_COLS'
2023-12-17T05:47:33.607168Z 0 [Note] Shutting down plugin 'INNODB_SYS_FOREIGN'
2023-12-17T05:47:33.622978Z 0 [Note] Shutting down plugin 'INNODB_SYS_FIELDS'
2023-12-17T05:47:33.622978Z 0 [Note] Shutting down plugin 'INNODB_SYS_COLUMNS'
2023-12-17T05:47:33.622978Z 0 [Note] Shutting down plugin 'INNODB_SYS_INDEXES'
2023-12-17T05:47:33.638635Z 0 [Note] Shutting down plugin 'INNODB_SYS_TABLESTATS'
2023-12-17T05:47:33.638635Z 0 [Note] Shutting down plugin 'INNODB_SYS_TABLES'
2023-12-17T05:47:33.638635Z 0 [Note] Shutting down plugin 'INNODB_FT_INDEX_TABLE'
2023-12-17T05:47:33.654500Z 0 [Note] Shutting down plugin 'INNODB_FT_INDEX_CACHE'
2023-12-17T05:47:33.654500Z 0 [Note] Shutting down plugin 'INNODB_FT_CONFIG'
2023-12-17T05:47:33.654500Z 0 [Note] Shutting down plugin 'INNODB_FT_BEING_DELETED'
2023-12-17T05:47:33.670300Z 0 [Note] Shutting down plugin 'INNODB_FT_DELETED'
2023-12-17T05:47:33.670300Z 0 [Note] Shutting down plugin 'INNODB_FT_DEFAULT_STOPWORD'
2023-12-17T05:47:33.670300Z 0 [Note] Shutting down plugin 'INNODB_METRICS'
2023-12-17T05:47:33.685388Z 0 [Note] Shutting down plugin 'INNODB_TEMP_TABLE_INFO'
2023-12-17T05:47:33.685388Z 0 [Note] Shutting down plugin 'INNODB_BUFFER_POOL_STATS'
2023-12-17T05:47:33.685388Z 0 [Note] Shutting down plugin 'INNODB_BUFFER_PAGE_LRU'
2023-12-17T05:47:33.701357Z 0 [Note] Shutting down plugin 'INNODB_BUFFER_PAGE'
2023-12-17T05:47:33.701357Z 0 [Note] Shutting down plugin 'INNODB_CMP_PER_INDEX_RESET'
2023-12-17T05:47:33.701357Z 0 [Note] Shutting down plugin 'INNODB_CMP_PER_INDEX'
2023-12-17T05:47:33.701357Z 0 [Note] Shutting down plugin 'INNODB_CMPMEM_RESET'
2023-12-17T05:47:33.717036Z 0 [Note] Shutting down plugin 'INNODB_CMPMEM'
2023-12-17T05:47:33.717036Z 0 [Note] Shutting down plugin 'INNODB_CMP_RESET'
2023-12-17T05:47:33.717036Z 0 [Note] Shutting down plugin 'INNODB_CMP'
2023-12-17T05:47:33.732601Z 0 [Note] Shutting down plugin 'INNODB_LOCK_WAITS'
2023-12-17T05:47:33.732601Z 0 [Note] Shutting down plugin 'INNODB_LOCKS'
2023-12-17T05:47:33.732601Z 0 [Note] Shutting down plugin 'INNODB_TRX'
2023-12-17T05:47:33.732601Z 0 [Note] Shutting down plugin 'InnoDB'
2023-12-17T05:47:33.748218Z 0 [Note] InnoDB: FTS optimize thread exiting.
2023-12-17T05:47:33.748218Z 0 [Note] InnoDB: Starting shutdown...
2023-12-17T05:47:33.859657Z 0 [Note] InnoDB: Dumping buffer pool(s) to Z:\SAMDESKTOP\bin\database\mysql-5.7.11\data\ib_buffer_pool
2023-12-17T05:47:33.998451Z 0 [Note] InnoDB: Buffer pool(s) dump completed at 231217  7:47:33
2023-12-17T05:47:35.357347Z 0 [Note] InnoDB: Shutdown completed; log sequence number 2603661
2023-12-17T05:47:35.421045Z 0 [Note] InnoDB: Removed temporary tablespace data file: "ibtmp1"
2023-12-17T05:47:35.451741Z 0 [Note] Shutting down plugin 'MEMORY'
2023-12-17T05:47:35.466545Z 0 [Note] Shutting down plugin 'CSV'
2023-12-17T05:47:35.497881Z 0 [Note] Shutting down plugin 'sha256_password'
2023-12-17T05:47:35.513773Z 0 [Note] Shutting down plugin 'mysql_native_password'
2023-12-17T05:47:35.545004Z 0 [Note] Shutting down plugin 'binlog'
2023-12-17T05:47:35.576930Z 0 [Note] Z:\SAMDESKTOP\bin\database\mysql-5.7.11\bin\mysqld.exe: Shutdown complete

2023-12-17T05:47:36.889647Z 0 [Warning] TIMESTAMP with implicit DEFAULT value is deprecated. Please use --explicit_defaults_for_timestamp server option (see documentation for more details).
2023-12-17T05:47:36.905499Z 0 [Warning] 'NO_ZERO_DATE', 'NO_ZERO_IN_DATE' and 'ERROR_FOR_DIVISION_BY_ZERO' sql modes should be used with strict mode. They will be merged with strict mode in a future release.
2023-12-17T05:47:36.905499Z 0 [Warning] 'NO_AUTO_CREATE_USER' sql mode was not set.
2023-12-17T05:47:36.905499Z 0 [Warning] Insecure configuration for --secure-file-priv: Current value does not restrict location of generated files. Consider setting it to a valid, non-empty path.
2023-12-17T05:47:36.905499Z 0 [ERROR] Cannot open Windows EventLog; check privileges, or start server with --log_syslog=0
2023-12-17T05:47:36.905499Z 0 [Note] Z:\SAMDESKTOP\bin\database\mysql-5.7.11\bin\mysqld.exe (mysqld 5.7.11) starting as process 7036 ...
2023-12-17T05:47:36.983528Z 0 [ERROR] Can't open shared library 'Z:\SAMDESKTOP\bin\database\mysql-5.7.11\lib\plugin\keyring_file.dll' (errno: 126 The specified module could not be found.)
2023-12-17T05:47:36.998387Z 0 [ERROR] Couldn't load plugin named 'keyring_file' with soname 'keyring_file.dll'.
2023-12-17T05:47:37.013722Z 0 [Note] InnoDB: Mutexes and rw_locks use Windows interlocked functions
2023-12-17T05:47:37.013722Z 0 [Note] InnoDB: Uses event mutexes
2023-12-17T05:47:37.029309Z 0 [Note] InnoDB: Memory barrier is not used
2023-12-17T05:47:37.029309Z 0 [Note] InnoDB: Compressed tables use zlib 1.2.3
2023-12-17T05:47:37.029309Z 0 [Note] InnoDB: Number of pools: 1
2023-12-17T05:47:37.045938Z 0 [Note] InnoDB: Not using CPU crc32 instructions
2023-12-17T05:47:37.094391Z 0 [Note] InnoDB: Initializing buffer pool, total size = 128M, instances = 1, chunk size = 128M
2023-12-17T05:47:37.122853Z 0 [Note] InnoDB: Completed initialization of buffer pool
2023-12-17T05:47:37.201194Z 0 [Note] InnoDB: Highest supported file format is Barracuda.
2023-12-17T05:47:37.434643Z 0 [Note] InnoDB: Creating shared tablespace for temporary tables
2023-12-17T05:47:37.435634Z 0 [Note] InnoDB: Setting file '.\ibtmp1' size to 12 MB. Physically writing the file full; Please wait ...
2023-12-17T05:47:37.466876Z 0 [Note] InnoDB: File '.\ibtmp1' size is now 12 MB.
2023-12-17T05:47:37.482492Z 0 [Note] InnoDB: 96 redo rollback segment(s) found. 96 redo rollback segment(s) are active.
2023-12-17T05:47:37.482492Z 0 [Note] InnoDB: 32 non-redo rollback segment(s) are active.
2023-12-17T05:47:37.498094Z 0 [Note] InnoDB: Waiting for purge to start
2023-12-17T05:47:37.561099Z 0 [Note] InnoDB: 5.7.11 started; log sequence number 2603661
2023-12-17T05:47:37.561099Z 0 [Note] Plugin 'FEDERATED' is disabled.
2023-12-17T05:47:37.561099Z 0 [Note] InnoDB: Loading buffer pool(s) from Z:\SAMDESKTOP\bin\database\mysql-5.7.11\data\ib_buffer_pool
2023-12-17T05:47:37.591994Z 0 [Warning] Failed to set up SSL because of the following SSL library error: SSL context is not usable without certificate and private key
2023-12-17T05:47:37.623242Z 0 [Note] Server hostname (bind-address): '*'; port: 3306
2023-12-17T05:47:37.623242Z 0 [Note] IPv6 is available.
2023-12-17T05:47:37.623242Z 0 [Note] InnoDB: Buffer pool(s) load completed at 231217  7:47:37
2023-12-17T05:47:37.639685Z 0 [Note]   - '::' resolves to '::';
2023-12-17T05:47:37.639685Z 0 [Note] Server socket created on IP: '::'.
2023-12-17T05:47:37.935704Z 0 [Note] Event Scheduler: Loaded 0 events
2023-12-17T05:47:37.951134Z 0 [Note] Z:\SAMDESKTOP\bin\database\mysql-5.7.11\bin\mysqld.exe: ready for connections.
Version: '5.7.11'  socket: ''  port: 3306  MySQL Community Server (GPL)
2023-12-17T05:48:26.959023Z 0 [Note] Z:\SAMDESKTOP\bin\database\mysql-5.7.11\bin\mysqld.exe: Normal shutdown

2023-12-17T05:48:26.969418Z 0 [Note] Giving 0 client threads a chance to die gracefully
2023-12-17T05:48:26.979391Z 0 [Note] Shutting down slave threads
2023-12-17T05:48:26.994081Z 0 [Note] Forcefully disconnecting 0 remaining clients
2023-12-17T05:48:27.013649Z 0 [Note] Event Scheduler: Purging the queue. 0 events
2023-12-17T05:48:27.023916Z 0 [Note] Binlog end
2023-12-17T05:48:27.040897Z 0 [Note] Shutting down plugin 'ngram'
2023-12-17T05:48:27.049638Z 0 [Note] Shutting down plugin 'partition'
2023-12-17T05:48:27.064962Z 0 [Note] Shutting down plugin 'BLACKHOLE'
2023-12-17T05:48:27.074671Z 0 [Note] Shutting down plugin 'ARCHIVE'
2023-12-17T05:48:27.084979Z 0 [Note] Shutting down plugin 'PERFORMANCE_SCHEMA'
2023-12-17T05:48:27.095035Z 0 [Note] Shutting down plugin 'MRG_MYISAM'
2023-12-17T05:48:27.110659Z 0 [Note] Shutting down plugin 'MyISAM'
2023-12-17T05:48:27.115797Z 0 [Note] Shutting down plugin 'INNODB_SYS_VIRTUAL'
2023-12-17T05:48:27.131649Z 0 [Note] Shutting down plugin 'INNODB_SYS_DATAFILES'
2023-12-17T05:48:27.136316Z 0 [Note] Shutting down plugin 'INNODB_SYS_TABLESPACES'
2023-12-17T05:48:27.141604Z 0 [Note] Shutting down plugin 'INNODB_SYS_FOREIGN_COLS'
2023-12-17T05:48:27.151871Z 0 [Note] Shutting down plugin 'INNODB_SYS_FOREIGN'
2023-12-17T05:48:27.166957Z 0 [Note] Shutting down plugin 'INNODB_SYS_FIELDS'
2023-12-17T05:48:27.171386Z 0 [Note] Shutting down plugin 'INNODB_SYS_COLUMNS'
2023-12-17T05:48:27.182010Z 0 [Note] Shutting down plugin 'INNODB_SYS_INDEXES'
2023-12-17T05:48:27.186925Z 0 [Note] Shutting down plugin 'INNODB_SYS_TABLESTATS'
2023-12-17T05:48:27.199614Z 0 [Note] Shutting down plugin 'INNODB_SYS_TABLES'
2023-12-17T05:48:27.202598Z 0 [Note] Shutting down plugin 'INNODB_FT_INDEX_TABLE'
2023-12-17T05:48:27.212439Z 0 [Note] Shutting down plugin 'INNODB_FT_INDEX_CACHE'
2023-12-17T05:48:27.222622Z 0 [Note] Shutting down plugin 'INNODB_FT_CONFIG'
2023-12-17T05:48:27.227727Z 0 [Note] Shutting down plugin 'INNODB_FT_BEING_DELETED'
2023-12-17T05:48:27.237737Z 0 [Note] Shutting down plugin 'INNODB_FT_DELETED'
2023-12-17T05:48:27.243239Z 0 [Note] Shutting down plugin 'INNODB_FT_DEFAULT_STOPWORD'
2023-12-17T05:48:27.247961Z 0 [Note] Shutting down plugin 'INNODB_METRICS'
2023-12-17T05:48:27.258259Z 0 [Note] Shutting down plugin 'INNODB_TEMP_TABLE_INFO'
2023-12-17T05:48:27.264670Z 0 [Note] Shutting down plugin 'INNODB_BUFFER_POOL_STATS'
2023-12-17T05:48:27.267511Z 0 [Note] Shutting down plugin 'INNODB_BUFFER_PAGE_LRU'
2023-12-17T05:48:27.273454Z 0 [Note] Shutting down plugin 'INNODB_BUFFER_PAGE'
2023-12-17T05:48:27.278194Z 0 [Note] Shutting down plugin 'INNODB_CMP_PER_INDEX_RESET'
2023-12-17T05:48:27.283639Z 0 [Note] Shutting down plugin 'INNODB_CMP_PER_INDEX'
2023-12-17T05:48:27.288541Z 0 [Note] Shutting down plugin 'INNODB_CMPMEM_RESET'
2023-12-17T05:48:27.288541Z 0 [Note] Shutting down plugin 'INNODB_CMPMEM'
2023-12-17T05:48:27.295784Z 0 [Note] Shutting down plugin 'INNODB_CMP_RESET'
2023-12-17T05:48:27.298067Z 0 [Note] Shutting down plugin 'INNODB_CMP'
2023-12-17T05:48:27.298067Z 0 [Note] Shutting down plugin 'INNODB_LOCK_WAITS'
2023-12-17T05:48:27.303872Z 0 [Note] Shutting down plugin 'INNODB_LOCKS'
2023-12-17T05:48:27.310897Z 0 [Note] Shutting down plugin 'INNODB_TRX'
2023-12-17T05:48:27.314408Z 0 [Note] Shutting down plugin 'InnoDB'
2023-12-17T05:48:27.314408Z 0 [Note] InnoDB: FTS optimize thread exiting.
2023-12-17T05:48:27.319299Z 0 [Note] InnoDB: Starting shutdown...
2023-12-17T05:48:27.427486Z 0 [Note] InnoDB: Dumping buffer pool(s) to Z:\SAMDESKTOP\bin\database\mysql-5.7.11\data\ib_buffer_pool
2023-12-17T05:48:27.529732Z 0 [Note] InnoDB: Buffer pool(s) dump completed at 231217  7:48:27
2023-12-17T05:48:28.661256Z 0 [Note] InnoDB: Shutdown completed; log sequence number 2603689
2023-12-17T05:48:28.670732Z 0 [Note] InnoDB: Removed temporary tablespace data file: "ibtmp1"
2023-12-17T05:48:28.676174Z 0 [Note] Shutting down plugin 'MEMORY'
2023-12-17T05:48:28.676174Z 0 [Note] Shutting down plugin 'CSV'
2023-12-17T05:48:28.676174Z 0 [Note] Shutting down plugin 'sha256_password'
2023-12-17T05:48:28.685900Z 0 [Note] Shutting down plugin 'mysql_native_password'
2023-12-17T05:48:28.691286Z 0 [Note] Shutting down plugin 'binlog'
2023-12-17T05:48:28.696676Z 0 [Note] Z:\SAMDESKTOP\bin\database\mysql-5.7.11\bin\mysqld.exe: Shutdown complete

2023-12-17T05:48:29.605563Z 0 [Warning] TIMESTAMP with implicit DEFAULT value is deprecated. Please use --explicit_defaults_for_timestamp server option (see documentation for more details).
2023-12-17T05:48:29.605563Z 0 [Warning] 'NO_ZERO_DATE', 'NO_ZERO_IN_DATE' and 'ERROR_FOR_DIVISION_BY_ZERO' sql modes should be used with strict mode. They will be merged with strict mode in a future release.
2023-12-17T05:48:29.605563Z 0 [Warning] 'NO_AUTO_CREATE_USER' sql mode was not set.
2023-12-17T05:48:29.605563Z 0 [Warning] Insecure configuration for --secure-file-priv: Current value does not restrict location of generated files. Consider setting it to a valid, non-empty path.
2023-12-17T05:48:29.605563Z 0 [ERROR] Cannot open Windows EventLog; check privileges, or start server with --log_syslog=0
2023-12-17T05:48:29.605563Z 0 [Note] Z:\SAMDESKTOP\bin\database\mysql-5.7.11\bin\mysqld.exe (mysqld 5.7.11) starting as process 9064 ...
2023-12-17T05:48:29.683430Z 0 [ERROR] Can't open shared library 'Z:\SAMDESKTOP\bin\database\mysql-5.7.11\lib\plugin\keyring_file.dll' (errno: 126 The specified module could not be found.)
2023-12-17T05:48:29.699024Z 0 [ERROR] Couldn't load plugin named 'keyring_file' with soname 'keyring_file.dll'.
2023-12-17T05:48:29.714642Z 0 [Note] InnoDB: Mutexes and rw_locks use Windows interlocked functions
2023-12-17T05:48:29.730252Z 0 [Note] InnoDB: Uses event mutexes
2023-12-17T05:48:29.730252Z 0 [Note] InnoDB: Memory barrier is not used
2023-12-17T05:48:29.730252Z 0 [Note] InnoDB: Compressed tables use zlib 1.2.3
2023-12-17T05:48:29.746002Z 0 [Note] InnoDB: Number of pools: 1
2023-12-17T05:48:29.746002Z 0 [Note] InnoDB: Not using CPU crc32 instructions
2023-12-17T05:48:29.808420Z 0 [Note] InnoDB: Initializing buffer pool, total size = 128M, instances = 1, chunk size = 128M
2023-12-17T05:48:29.824074Z 0 [Note] InnoDB: Completed initialization of buffer pool
2023-12-17T05:48:29.887739Z 0 [Note] InnoDB: Highest supported file format is Barracuda.
2023-12-17T05:48:30.120924Z 0 [Note] InnoDB: Creating shared tablespace for temporary tables
2023-12-17T05:48:30.136559Z 0 [Note] InnoDB: Setting file '.\ibtmp1' size to 12 MB. Physically writing the file full; Please wait ...
2023-12-17T05:48:30.168794Z 0 [Note] InnoDB: File '.\ibtmp1' size is now 12 MB.
2023-12-17T05:48:30.184769Z 0 [Note] InnoDB: 96 redo rollback segment(s) found. 96 redo rollback segment(s) are active.
2023-12-17T05:48:30.184769Z 0 [Note] InnoDB: 32 non-redo rollback segment(s) are active.
2023-12-17T05:48:30.200085Z 0 [Note] InnoDB: Waiting for purge to start
2023-12-17T05:48:30.277608Z 0 [Note] InnoDB: 5.7.11 started; log sequence number 2603689
2023-12-17T05:48:30.277608Z 0 [Note] Plugin 'FEDERATED' is disabled.
2023-12-17T05:48:30.277608Z 0 [Note] InnoDB: Loading buffer pool(s) from Z:\SAMDESKTOP\bin\database\mysql-5.7.11\data\ib_buffer_pool
2023-12-17T05:48:30.308389Z 0 [Warning] Failed to set up SSL because of the following SSL library error: SSL context is not usable without certificate and private key
2023-12-17T05:48:30.339779Z 0 [Note] Server hostname (bind-address): '*'; port: 3306
2023-12-17T05:48:30.339779Z 0 [Note] IPv6 is available.
2023-12-17T05:48:30.339779Z 0 [Note] InnoDB: Buffer pool(s) load completed at 231217  7:48:30
2023-12-17T05:48:30.356062Z 0 [Note]   - '::' resolves to '::';
2023-12-17T05:48:30.356062Z 0 [Note] Server socket created on IP: '::'.
2023-12-17T05:48:30.636437Z 0 [Note] Event Scheduler: Loaded 0 events
2023-12-17T05:48:30.636437Z 0 [Note] Z:\SAMDESKTOP\bin\database\mysql-5.7.11\bin\mysqld.exe: ready for connections.
Version: '5.7.11'  socket: ''  port: 3306  MySQL Community Server (GPL)
2023-12-17T05:48:41.652296Z 0 [Note] Z:\SAMDESKTOP\bin\database\mysql-5.7.11\bin\mysqld.exe: Normal shutdown

2023-12-17T05:48:41.668464Z 0 [Note] Giving 0 client threads a chance to die gracefully
2023-12-17T05:48:41.668464Z 0 [Note] Shutting down slave threads
2023-12-17T05:48:41.683326Z 0 [Note] Forcefully disconnecting 0 remaining clients
2023-12-17T05:48:41.683326Z 0 [Note] Event Scheduler: Purging the queue. 0 events
2023-12-17T05:48:41.698948Z 0 [Note] Binlog end
2023-12-17T05:48:41.698948Z 0 [Note] Shutting down plugin 'ngram'
2023-12-17T05:48:41.698948Z 0 [Note] Shutting down plugin 'partition'
2023-12-17T05:48:41.714569Z 0 [Note] Shutting down plugin 'BLACKHOLE'
2023-12-17T05:48:41.714569Z 0 [Note] Shutting down plugin 'ARCHIVE'
2023-12-17T05:48:41.714569Z 0 [Note] Shutting down plugin 'PERFORMANCE_SCHEMA'
2023-12-17T05:48:41.730178Z 0 [Note] Shutting down plugin 'MRG_MYISAM'
2023-12-17T05:48:41.730178Z 0 [Note] Shutting down plugin 'MyISAM'
2023-12-17T05:48:41.730178Z 0 [Note] Shutting down plugin 'INNODB_SYS_VIRTUAL'
2023-12-17T05:48:41.730178Z 0 [Note] Shutting down plugin 'INNODB_SYS_DATAFILES'
2023-12-17T05:48:41.745821Z 0 [Note] Shutting down plugin 'INNODB_SYS_TABLESPACES'
2023-12-17T05:48:41.745821Z 0 [Note] Shutting down plugin 'INNODB_SYS_FOREIGN_COLS'
2023-12-17T05:48:41.762265Z 0 [Note] Shutting down plugin 'INNODB_SYS_FOREIGN'
2023-12-17T05:48:41.762265Z 0 [Note] Shutting down plugin 'INNODB_SYS_FIELDS'
2023-12-17T05:48:41.762265Z 0 [Note] Shutting down plugin 'INNODB_SYS_COLUMNS'
2023-12-17T05:48:41.777861Z 0 [Note] Shutting down plugin 'INNODB_SYS_INDEXES'
2023-12-17T05:48:41.777861Z 0 [Note] Shutting down plugin 'INNODB_SYS_TABLESTATS'
2023-12-17T05:48:41.793845Z 0 [Note] Shutting down plugin 'INNODB_SYS_TABLES'
2023-12-17T05:48:41.793845Z 0 [Note] Shutting down plugin 'INNODB_FT_INDEX_TABLE'
2023-12-17T05:48:41.809315Z 0 [Note] Shutting down plugin 'INNODB_FT_INDEX_CACHE'
2023-12-17T05:48:41.809315Z 0 [Note] Shutting down plugin 'INNODB_FT_CONFIG'
2023-12-17T05:48:41.809315Z 0 [Note] Shutting down plugin 'INNODB_FT_BEING_DELETED'
2023-12-17T05:48:41.824620Z 0 [Note] Shutting down plugin 'INNODB_FT_DELETED'
2023-12-17T05:48:41.824620Z 0 [Note] Shutting down plugin 'INNODB_FT_DEFAULT_STOPWORD'
2023-12-17T05:48:41.840893Z 0 [Note] Shutting down plugin 'INNODB_METRICS'
2023-12-17T05:48:41.840893Z 0 [Note] Shutting down plugin 'INNODB_TEMP_TABLE_INFO'
2023-12-17T05:48:41.856003Z 0 [Note] Shutting down plugin 'INNODB_BUFFER_POOL_STATS'
2023-12-17T05:48:41.856003Z 0 [Note] Shutting down plugin 'INNODB_BUFFER_PAGE_LRU'
2023-12-17T05:48:41.856003Z 0 [Note] Shutting down plugin 'INNODB_BUFFER_PAGE'
2023-12-17T05:48:41.870714Z 0 [Note] Shutting down plugin 'INNODB_CMP_PER_INDEX_RESET'
2023-12-17T05:48:41.870714Z 0 [Note] Shutting down plugin 'INNODB_CMP_PER_INDEX'
2023-12-17T05:48:41.870714Z 0 [Note] Shutting down plugin 'INNODB_CMPMEM_RESET'
2023-12-17T05:48:41.886382Z 0 [Note] Shutting down plugin 'INNODB_CMPMEM'
2023-12-17T05:48:41.886382Z 0 [Note] Shutting down plugin 'INNODB_CMP_RESET'
2023-12-17T05:48:41.886382Z 0 [Note] Shutting down plugin 'INNODB_CMP'
2023-12-17T05:48:41.886382Z 0 [Note] Shutting down plugin 'INNODB_LOCK_WAITS'
2023-12-17T05:48:41.902038Z 0 [Note] Shutting down plugin 'INNODB_LOCKS'
2023-12-17T05:48:41.902038Z 0 [Note] Shutting down plugin 'INNODB_TRX'
2023-12-17T05:48:41.902038Z 0 [Note] Shutting down plugin 'InnoDB'
2023-12-17T05:48:41.902038Z 0 [Note] InnoDB: FTS optimize thread exiting.
2023-12-17T05:48:41.917660Z 0 [Note] InnoDB: Starting shutdown...
2023-12-17T05:48:42.027174Z 0 [Note] InnoDB: Dumping buffer pool(s) to Z:\SAMDESKTOP\bin\database\mysql-5.7.11\data\ib_buffer_pool
2023-12-17T05:48:42.027174Z 0 [Note] InnoDB: Buffer pool(s) dump completed at 231217  7:48:42
2023-12-17T05:48:42.949549Z 0 [Note] InnoDB: Shutdown completed; log sequence number 2603717
2023-12-17T05:48:42.949549Z 0 [Note] InnoDB: Removed temporary tablespace data file: "ibtmp1"
2023-12-17T05:48:42.964709Z 0 [Note] Shutting down plugin 'MEMORY'
2023-12-17T05:48:42.964709Z 0 [Note] Shutting down plugin 'CSV'
2023-12-17T05:48:42.964709Z 0 [Note] Shutting down plugin 'sha256_password'
2023-12-17T05:48:42.964709Z 0 [Note] Shutting down plugin 'mysql_native_password'
2023-12-17T05:48:42.980188Z 0 [Note] Shutting down plugin 'binlog'
2023-12-17T05:48:42.980188Z 0 [Note] Z:\SAMDESKTOP\bin\database\mysql-5.7.11\bin\mysqld.exe: Shutdown complete

